<?xml version="1.0" encoding="UTF-8"?>
<testsuite xmlns:xsi="http://www.w3.org/2001/XMLSchema-instance" xsi:noNamespaceSchemaLocation="https://maven.apache.org/surefire/maven-surefire-plugin/xsd/surefire-test-report-3.0.xsd" version="3.0" name="com.test.classes.TestElements" time="56.883" tests="9" errors="1" skipped="0" failures="0">
  <properties>
[...]
</properties>
  <testcase name="radioButtons" classname="com.test.classes.TestElements" time="10.642">
    <system-out><![CDATA[2025-01-23 10:34:28 DEBUG i.g.bonigarcia.wdm.WebDriverManager - Using WebDriverManager 5.9.2
2025-01-23 10:34:29 DEBUG i.g.b.wdm.cache.ResolutionCache - Removing resolution chrome=132 from cache (expired on Wed Jan 22 18:47:22 CET 2025)
2025-01-23 10:34:29 DEBUG o.a.h.c.h.i.c.InternalHttpClient - ex-0000000001 preparing request execution
2025-01-23 10:34:29 DEBUG o.a.h.c.h.impl.classic.ProtocolExec - ex-0000000001 target auth state: UNCHALLENGED
2025-01-23 10:34:29 DEBUG o.a.h.c.h.impl.classic.ProtocolExec - ex-0000000001 proxy auth state: UNCHALLENGED
2025-01-23 10:34:29 DEBUG o.a.h.c.h.impl.classic.ConnectExec - ex-0000000001 acquiring connection with route {s}->https://raw.githubusercontent.com:443
2025-01-23 10:34:29 DEBUG o.a.h.c.h.i.c.InternalHttpClient - ex-0000000001 acquiring endpoint (3 MINUTES)
2025-01-23 10:34:29 DEBUG o.a.h.c.h.i.i.PoolingHttpClientConnectionManager - ex-0000000001 endpoint lease request (3 MINUTES) [route: {s}->https://raw.githubusercontent.com:443][total available: 0; route allocated: 0 of 5; total allocated: 0 of 25]
2025-01-23 10:34:29 DEBUG o.a.h.c.h.i.i.PoolingHttpClientConnectionManager - ex-0000000001 endpoint leased [route: {s}->https://raw.githubusercontent.com:443][total available: 0; route allocated: 1 of 5; total allocated: 1 of 25]
2025-01-23 10:34:29 DEBUG o.a.h.c.h.i.i.PoolingHttpClientConnectionManager - ex-0000000001 acquired ep-0000000001
2025-01-23 10:34:29 DEBUG o.a.h.c.h.i.c.InternalHttpClient - ex-0000000001 acquired endpoint ep-0000000001
2025-01-23 10:34:29 DEBUG o.a.h.c.h.impl.classic.ConnectExec - ex-0000000001 opening connection {s}->https://raw.githubusercontent.com:443
2025-01-23 10:34:29 DEBUG o.a.h.c.h.i.c.InternalHttpClient - ep-0000000001 connecting endpoint (null)
2025-01-23 10:34:29 DEBUG o.a.h.c.h.i.i.PoolingHttpClientConnectionManager - ep-0000000001 connecting endpoint to https://raw.githubusercontent.com:443 (30 SECONDS)
2025-01-23 10:34:29 DEBUG o.a.h.c.h.i.i.DefaultHttpClientConnectionOperator - raw.githubusercontent.com resolving remote address
2025-01-23 10:34:29 DEBUG o.a.h.c.h.i.i.DefaultHttpClientConnectionOperator - raw.githubusercontent.com resolved to [raw.githubusercontent.com/185.199.111.133, raw.githubusercontent.com/185.199.110.133, raw.githubusercontent.com/185.199.108.133, raw.githubusercontent.com/185.199.109.133]
2025-01-23 10:34:29 DEBUG o.a.h.c.h.i.i.DefaultHttpClientConnectionOperator - raw.githubusercontent.com:443 connecting null->raw.githubusercontent.com/185.199.111.133:443 (30 SECONDS)
2025-01-23 10:34:29 DEBUG o.a.h.c.h.s.SSLConnectionSocketFactory - Connecting socket to raw.githubusercontent.com/185.199.111.133:443 with timeout 30 SECONDS
2025-01-23 10:34:29 DEBUG o.a.h.c.h.s.SSLConnectionSocketFactory - Enabled protocols: [TLSv1.3, TLSv1.2]
2025-01-23 10:34:29 DEBUG o.a.h.c.h.s.SSLConnectionSocketFactory - Enabled cipher suites: [TLS_AES_256_GCM_SHA384, TLS_AES_128_GCM_SHA256, TLS_CHACHA20_POLY1305_SHA256, TLS_ECDHE_ECDSA_WITH_AES_256_GCM_SHA384, TLS_ECDHE_ECDSA_WITH_AES_128_GCM_SHA256, TLS_ECDHE_ECDSA_WITH_CHACHA20_POLY1305_SHA256, TLS_ECDHE_RSA_WITH_AES_256_GCM_SHA384, TLS_ECDHE_RSA_WITH_CHACHA20_POLY1305_SHA256, TLS_ECDHE_RSA_WITH_AES_128_GCM_SHA256, TLS_DHE_RSA_WITH_AES_256_GCM_SHA384, TLS_DHE_RSA_WITH_CHACHA20_POLY1305_SHA256, TLS_DHE_DSS_WITH_AES_256_GCM_SHA384, TLS_DHE_RSA_WITH_AES_128_GCM_SHA256, TLS_DHE_DSS_WITH_AES_128_GCM_SHA256, TLS_ECDHE_ECDSA_WITH_AES_256_CBC_SHA384, TLS_ECDHE_RSA_WITH_AES_256_CBC_SHA384, TLS_ECDHE_ECDSA_WITH_AES_128_CBC_SHA256, TLS_ECDHE_RSA_WITH_AES_128_CBC_SHA256, TLS_DHE_RSA_WITH_AES_256_CBC_SHA256, TLS_DHE_DSS_WITH_AES_256_CBC_SHA256, TLS_DHE_RSA_WITH_AES_128_CBC_SHA256, TLS_DHE_DSS_WITH_AES_128_CBC_SHA256, TLS_ECDH_ECDSA_WITH_AES_256_GCM_SHA384, TLS_ECDH_RSA_WITH_AES_256_GCM_SHA384, TLS_ECDH_ECDSA_WITH_AES_128_GCM_SHA256, TLS_ECDH_RSA_WITH_AES_128_GCM_SHA256, TLS_ECDH_ECDSA_WITH_AES_256_CBC_SHA384, TLS_ECDH_RSA_WITH_AES_256_CBC_SHA384, TLS_ECDH_ECDSA_WITH_AES_128_CBC_SHA256, TLS_ECDH_RSA_WITH_AES_128_CBC_SHA256, TLS_ECDHE_ECDSA_WITH_AES_256_CBC_SHA, TLS_ECDHE_RSA_WITH_AES_256_CBC_SHA, TLS_ECDHE_ECDSA_WITH_AES_128_CBC_SHA, TLS_ECDHE_RSA_WITH_AES_128_CBC_SHA, TLS_DHE_RSA_WITH_AES_256_CBC_SHA, TLS_DHE_DSS_WITH_AES_256_CBC_SHA, TLS_DHE_RSA_WITH_AES_128_CBC_SHA, TLS_DHE_DSS_WITH_AES_128_CBC_SHA, TLS_ECDH_ECDSA_WITH_AES_256_CBC_SHA, TLS_ECDH_RSA_WITH_AES_256_CBC_SHA, TLS_ECDH_ECDSA_WITH_AES_128_CBC_SHA, TLS_ECDH_RSA_WITH_AES_128_CBC_SHA, TLS_RSA_WITH_AES_256_GCM_SHA384, TLS_RSA_WITH_AES_128_GCM_SHA256, TLS_RSA_WITH_AES_256_CBC_SHA256, TLS_RSA_WITH_AES_128_CBC_SHA256, TLS_RSA_WITH_AES_256_CBC_SHA, TLS_RSA_WITH_AES_128_CBC_SHA, TLS_EMPTY_RENEGOTIATION_INFO_SCSV]
2025-01-23 10:34:29 DEBUG o.a.h.c.h.s.SSLConnectionSocketFactory - Starting handshake (null)
2025-01-23 10:34:29 DEBUG o.a.h.c.h.s.SSLConnectionSocketFactory - Secure session established
2025-01-23 10:34:29 DEBUG o.a.h.c.h.s.SSLConnectionSocketFactory -  negotiated protocol: TLSv1.3
2025-01-23 10:34:29 DEBUG o.a.h.c.h.s.SSLConnectionSocketFactory -  negotiated cipher suite: TLS_AES_128_GCM_SHA256
2025-01-23 10:34:29 DEBUG o.a.h.c.h.s.SSLConnectionSocketFactory -  peer principal: CN=*.github.io, O="GitHub, Inc.", L=San Francisco, ST=California, C=US
2025-01-23 10:34:29 DEBUG o.a.h.c.h.s.SSLConnectionSocketFactory -  peer alternative names: [*.github.io, github.io, githubusercontent.com, www.github.com, *.github.com, *.githubusercontent.com, github.com]
2025-01-23 10:34:29 DEBUG o.a.h.c.h.s.SSLConnectionSocketFactory -  issuer principal: CN=DigiCert Global G2 TLS RSA SHA256 2020 CA1, O=DigiCert Inc, C=US
2025-01-23 10:34:29 DEBUG o.a.h.c.h.i.i.DefaultManagedHttpClientConnection - http-outgoing-0 set socket timeout to 3 MINUTES
2025-01-23 10:34:29 DEBUG o.a.h.c.h.i.i.DefaultHttpClientConnectionOperator - raw.githubusercontent.com:443 connected null->raw.githubusercontent.com/185.199.111.133:443 as http-outgoing-0
2025-01-23 10:34:29 DEBUG o.a.h.c.h.i.i.PoolingHttpClientConnectionManager - ep-0000000001 connected http-outgoing-0
2025-01-23 10:34:29 DEBUG o.a.h.c.h.i.c.InternalHttpClient - ep-0000000001 endpoint connected
2025-01-23 10:34:29 DEBUG o.a.h.c.h.i.classic.MainClientExec - ex-0000000001 executing GET /bonigarcia/webdrivermanager/master/src/main/resources/commands.properties HTTP/1.1
2025-01-23 10:34:29 DEBUG o.a.h.c.h.protocol.RequestAddCookies - ex-0000000001 Cookie spec selected: strict
2025-01-23 10:34:29 DEBUG o.a.h.c.h.i.c.InternalHttpClient - ep-0000000001 start execution ex-0000000001
2025-01-23 10:34:29 DEBUG o.a.h.c.h.i.i.PoolingHttpClientConnectionManager - ep-0000000001 executing exchange ex-0000000001 over http-outgoing-0
2025-01-23 10:34:29 DEBUG org.apache.hc.client5.http.headers - http-outgoing-0 >> GET /bonigarcia/webdrivermanager/master/src/main/resources/commands.properties HTTP/1.1
2025-01-23 10:34:29 DEBUG org.apache.hc.client5.http.headers - http-outgoing-0 >> user-agent: Apache-HttpClient/5.0
2025-01-23 10:34:29 DEBUG org.apache.hc.client5.http.headers - http-outgoing-0 >> accept-encoding: gzip, deflate, br
2025-01-23 10:34:29 DEBUG org.apache.hc.client5.http.headers - http-outgoing-0 >> cache-control: max-age=0
2025-01-23 10:34:29 DEBUG org.apache.hc.client5.http.headers - http-outgoing-0 >> connection: keep-alive
2025-01-23 10:34:29 DEBUG org.apache.hc.client5.http.headers - http-outgoing-0 >> Host: raw.githubusercontent.com
2025-01-23 10:34:29 DEBUG org.apache.hc.client5.http.wire - http-outgoing-0 >> "GET /bonigarcia/webdrivermanager/master/src/main/resources/commands.properties HTTP/1.1[\r][\n]"
2025-01-23 10:34:29 DEBUG org.apache.hc.client5.http.wire - http-outgoing-0 >> "user-agent: Apache-HttpClient/5.0[\r][\n]"
2025-01-23 10:34:29 DEBUG org.apache.hc.client5.http.wire - http-outgoing-0 >> "accept-encoding: gzip, deflate, br[\r][\n]"
2025-01-23 10:34:29 DEBUG org.apache.hc.client5.http.wire - http-outgoing-0 >> "cache-control: max-age=0[\r][\n]"
2025-01-23 10:34:29 DEBUG org.apache.hc.client5.http.wire - http-outgoing-0 >> "connection: keep-alive[\r][\n]"
2025-01-23 10:34:29 DEBUG org.apache.hc.client5.http.wire - http-outgoing-0 >> "Host: raw.githubusercontent.com[\r][\n]"
2025-01-23 10:34:29 DEBUG org.apache.hc.client5.http.wire - http-outgoing-0 >> "[\r][\n]"
2025-01-23 10:34:29 DEBUG org.apache.hc.client5.http.wire - http-outgoing-0 << "HTTP/1.1 200 OK[\r][\n]"
2025-01-23 10:34:29 DEBUG org.apache.hc.client5.http.wire - http-outgoing-0 << "Connection: keep-alive[\r][\n]"
2025-01-23 10:34:29 DEBUG org.apache.hc.client5.http.wire - http-outgoing-0 << "Content-Length: 745[\r][\n]"
2025-01-23 10:34:29 DEBUG org.apache.hc.client5.http.wire - http-outgoing-0 << "Cache-Control: max-age=300[\r][\n]"
2025-01-23 10:34:29 DEBUG org.apache.hc.client5.http.wire - http-outgoing-0 << "Content-Security-Policy: default-src 'none'; style-src 'unsafe-inline'; sandbox[\r][\n]"
2025-01-23 10:34:29 DEBUG org.apache.hc.client5.http.wire - http-outgoing-0 << "Content-Type: text/plain; charset=utf-8[\r][\n]"
2025-01-23 10:34:29 DEBUG org.apache.hc.client5.http.wire - http-outgoing-0 << "ETag: W/"dd41edff335272162022217759820159dac501cff56850e2510f504462cd9b5f"[\r][\n]"
2025-01-23 10:34:29 DEBUG org.apache.hc.client5.http.wire - http-outgoing-0 << "Strict-Transport-Security: max-age=31536000[\r][\n]"
2025-01-23 10:34:29 DEBUG org.apache.hc.client5.http.wire - http-outgoing-0 << "X-Content-Type-Options: nosniff[\r][\n]"
2025-01-23 10:34:29 DEBUG org.apache.hc.client5.http.wire - http-outgoing-0 << "X-Frame-Options: deny[\r][\n]"
2025-01-23 10:34:29 DEBUG org.apache.hc.client5.http.wire - http-outgoing-0 << "X-XSS-Protection: 1; mode=block[\r][\n]"
2025-01-23 10:34:29 DEBUG org.apache.hc.client5.http.wire - http-outgoing-0 << "X-GitHub-Request-Id: 0861:3D6372:266535:28B5A3:677CB799[\r][\n]"
2025-01-23 10:34:29 DEBUG org.apache.hc.client5.http.wire - http-outgoing-0 << "Content-Encoding: gzip[\r][\n]"
2025-01-23 10:34:29 DEBUG org.apache.hc.client5.http.wire - http-outgoing-0 << "Accept-Ranges: bytes[\r][\n]"
2025-01-23 10:34:29 DEBUG org.apache.hc.client5.http.wire - http-outgoing-0 << "Date: Thu, 23 Jan 2025 09:34:29 GMT[\r][\n]"
2025-01-23 10:34:29 DEBUG org.apache.hc.client5.http.wire - http-outgoing-0 << "Via: 1.1 varnish[\r][\n]"
2025-01-23 10:34:29 DEBUG org.apache.hc.client5.http.wire - http-outgoing-0 << "X-Served-By: cache-vie6338-VIE[\r][\n]"
2025-01-23 10:34:29 DEBUG org.apache.hc.client5.http.wire - http-outgoing-0 << "X-Cache: HIT[\r][\n]"
2025-01-23 10:34:29 DEBUG org.apache.hc.client5.http.wire - http-outgoing-0 << "X-Cache-Hits: 23[\r][\n]"
2025-01-23 10:34:29 DEBUG org.apache.hc.client5.http.wire - http-outgoing-0 << "X-Timer: S1737624870.534676,VS0,VE0[\r][\n]"
2025-01-23 10:34:29 DEBUG org.apache.hc.client5.http.wire - http-outgoing-0 << "Vary: Authorization,Accept-Encoding,Origin[\r][\n]"
2025-01-23 10:34:29 DEBUG org.apache.hc.client5.http.wire - http-outgoing-0 << "Access-Control-Allow-Origin: *[\r][\n]"
2025-01-23 10:34:29 DEBUG org.apache.hc.client5.http.wire - http-outgoing-0 << "Cross-Origin-Resource-Policy: cross-origin[\r][\n]"
2025-01-23 10:34:29 DEBUG org.apache.hc.client5.http.wire - http-outgoing-0 << "X-Fastly-Request-ID: 4daa83096e49225437d6d4121ca8059965a0a82d[\r][\n]"
2025-01-23 10:34:29 DEBUG org.apache.hc.client5.http.wire - http-outgoing-0 << "Expires: Thu, 23 Jan 2025 09:39:29 GMT[\r][\n]"
2025-01-23 10:34:29 DEBUG org.apache.hc.client5.http.wire - http-outgoing-0 << "Source-Age: 286[\r][\n]"
2025-01-23 10:34:29 DEBUG org.apache.hc.client5.http.wire - http-outgoing-0 << "[\r][\n]"
2025-01-23 10:34:29 DEBUG org.apache.hc.client5.http.headers - http-outgoing-0 << HTTP/1.1 200 OK
2025-01-23 10:34:29 DEBUG org.apache.hc.client5.http.headers - http-outgoing-0 << Connection: keep-alive
2025-01-23 10:34:29 DEBUG org.apache.hc.client5.http.headers - http-outgoing-0 << Content-Length: 745
2025-01-23 10:34:29 DEBUG org.apache.hc.client5.http.headers - http-outgoing-0 << Cache-Control: max-age=300
2025-01-23 10:34:29 DEBUG org.apache.hc.client5.http.headers - http-outgoing-0 << Content-Security-Policy: default-src 'none'; style-src 'unsafe-inline'; sandbox
2025-01-23 10:34:29 DEBUG org.apache.hc.client5.http.headers - http-outgoing-0 << Content-Type: text/plain; charset=utf-8
2025-01-23 10:34:29 DEBUG org.apache.hc.client5.http.headers - http-outgoing-0 << ETag: W/"dd41edff335272162022217759820159dac501cff56850e2510f504462cd9b5f"
2025-01-23 10:34:29 DEBUG org.apache.hc.client5.http.headers - http-outgoing-0 << Strict-Transport-Security: max-age=31536000
2025-01-23 10:34:29 DEBUG org.apache.hc.client5.http.headers - http-outgoing-0 << X-Content-Type-Options: nosniff
2025-01-23 10:34:29 DEBUG org.apache.hc.client5.http.headers - http-outgoing-0 << X-Frame-Options: deny
2025-01-23 10:34:29 DEBUG org.apache.hc.client5.http.headers - http-outgoing-0 << X-XSS-Protection: 1; mode=block
2025-01-23 10:34:29 DEBUG org.apache.hc.client5.http.headers - http-outgoing-0 << X-GitHub-Request-Id: 0861:3D6372:266535:28B5A3:677CB799
2025-01-23 10:34:29 DEBUG org.apache.hc.client5.http.headers - http-outgoing-0 << Content-Encoding: gzip
2025-01-23 10:34:29 DEBUG org.apache.hc.client5.http.headers - http-outgoing-0 << Accept-Ranges: bytes
2025-01-23 10:34:29 DEBUG org.apache.hc.client5.http.headers - http-outgoing-0 << Date: Thu, 23 Jan 2025 09:34:29 GMT
2025-01-23 10:34:29 DEBUG org.apache.hc.client5.http.headers - http-outgoing-0 << Via: 1.1 varnish
2025-01-23 10:34:29 DEBUG org.apache.hc.client5.http.headers - http-outgoing-0 << X-Served-By: cache-vie6338-VIE
2025-01-23 10:34:29 DEBUG org.apache.hc.client5.http.headers - http-outgoing-0 << X-Cache: HIT
2025-01-23 10:34:29 DEBUG org.apache.hc.client5.http.headers - http-outgoing-0 << X-Cache-Hits: 23
2025-01-23 10:34:29 DEBUG org.apache.hc.client5.http.headers - http-outgoing-0 << X-Timer: S1737624870.534676,VS0,VE0
2025-01-23 10:34:29 DEBUG org.apache.hc.client5.http.headers - http-outgoing-0 << Vary: Authorization,Accept-Encoding,Origin
2025-01-23 10:34:29 DEBUG org.apache.hc.client5.http.headers - http-outgoing-0 << Access-Control-Allow-Origin: *
2025-01-23 10:34:29 DEBUG org.apache.hc.client5.http.headers - http-outgoing-0 << Cross-Origin-Resource-Policy: cross-origin
2025-01-23 10:34:29 DEBUG org.apache.hc.client5.http.headers - http-outgoing-0 << X-Fastly-Request-ID: 4daa83096e49225437d6d4121ca8059965a0a82d
2025-01-23 10:34:29 DEBUG org.apache.hc.client5.http.headers - http-outgoing-0 << Expires: Thu, 23 Jan 2025 09:39:29 GMT
2025-01-23 10:34:29 DEBUG org.apache.hc.client5.http.headers - http-outgoing-0 << Source-Age: 286
2025-01-23 10:34:29 DEBUG o.a.h.c.h.i.classic.MainClientExec - ex-0000000001 connection can be kept alive for 3 MINUTES
2025-01-23 10:34:29 DEBUG org.apache.hc.client5.http.wire - http-outgoing-0 << "[0x1f][0xffffff8b][0x8][0x0][0x0][0x0][0x0][0x0][0x0][0x3][0xffffffb5]W]o[0xffffffda]0[0x14]}[0xffffffe7]W\QUj% [0x1b][0xffffffad][0xffffffa6]i[0x12][0xf]4c[0xffffffdd]4*[0x18][0xffffffb4][0xffffffdd]&[0xfffffff9][0xffffffc5]$N[0xffffffb0][0xffffff94][0xffffffd8][0xffffffc8]NJ[0xffffffb7]_?[0xffffffdb][0xfffffff9]X[0xffffff92]:[0xffffffa3]k[0xffffffe8][0x1b][0xffffffb6][0xffffffef]=[0xffffffe7][0xffffffd8][0xfffffff7][0xffffffe4][0xffffffda][0xffffff9c][0xffffff80][0xffffffcb][0xffffffe3][0x18]3_[0xffffff82][0xffffff8f][0x13][0xffffffbc][0xffffffc1][0xffffff92][0xfffffff4]N[0xffffffe0]vK%[0x4]4"[0xffffffe0]q[0xffffff96]`[0xffffffca]$$[=[0xffffffc8]C[0x13][0xe][0x1b][0x2][0xffffffe4][0xffffff91]xiB|[0xffffffa0][0xffffffcc],[0xffffffcb]-[0xffffff89]"=[0xffffffe0][0xffffffc2]'B[0x7][0xfffffff9]$!^b[0x16][0x1f][0xffffff88][0xffffff90][0xffffff94][0xffffffab][0xffffffb5][0x0][0xffffff88][0xfffffffa][0x1d][\n]"
2025-01-23 10:34:29 DEBUG org.apache.hc.client5.http.wire - http-outgoing-0 << "B[0x18]l[0x4][0xffffffdf]K[0xffffffb5][0xffffffa0]([0xffffffcf][0xffffffdc][0xffffffad][0xffffffe0]1[0x19][0xffffffc0]'*H[0xffffffc0][0x1f][0x7][0xffffffb0][0xffffffd8][0x11][0xffffff81][0x7]0[0xfffffff3]C5kVi[0x1a][0xffffff9f]k|[0xffffff9f][0x6][0x1][0x11][0xffffff84]%[0xffffffc0]uLBY[0x8][0xfffffff2][0xffffff97]LH,[0xffffffe1][0xffffffec];e[0xffffffbe]B[0x1d][0xffffffc0][0xffffff9c][0xffffffb2]T[0xffffffc1][0xffffffdc]`[0xf][0x16][0xffffffeb][0xfffffff3][0xffffff9e][0xffffffe2][0xffffffc8](z[0xfffffff9]6F[0xffffff9e][0x19][0xffffff8e][0xfffffff6]Y[0xffffffc2][0xffffffe8][0xffffffcd][0xffffffdb][0xffffff89][0x17][0xfffffffb]#[0xffffffb5]+p\[0xffffffd8][0xffffffc7][0xffffffd4]3Gb[0xffffff8e]a[0xffffffbf]U|[0xffffffc0]pL&[0xfffffffd][0xffffffd3][0xffffffe5]jq[0xffffffbd][0xffffff9a][0xffffffde]|[0xfffffffa]2[0xffffff9f][0xffffffad]?[0xffffffa0][0x9]B[0xffffffa7][0x8]]s[0x1e]F[0x4][0xffffffa1][0xffffff8c][0x2][0xffffffa1][0xffffffe9]n[0x17]QOI[0xffffffe3][0xc][0xffffffa1][0xffffff9c]H![0xfffffff7]!$[0x9][0xffffffdc][0xffffffe7]g[0xffffffe1]<[0xffffffe0](m[0xffffffd7]3~[0xffffff81][0xffffff9e][0xffffffb3][0x1f][0xffffffef][0xffffffdf][0xffffff9d][0xffffffbf][0xffffffa6][0xffffffa8][0xffffff8b]g[0xffffff8a][0xffffff9a]/[0xffffffdc][0xffffffe9]|[0xffffffba]\~[0xffffff9c][0xffffffde]N_S[0xffffffcf][0xffffffe5]d5[0xffffffbb][0xffffff86]ow[0xffffffb3][0xffffffd5]O[0xfffffff8][0xfffffffc][0xffffffd5][0xffffffbd]Ck[0x1e]${,H[0xffffffc1][0xffffff96][0xffffff93]][0xffffffcd][0xffffffaf][0x8][0xfffffff6][0xc]^[0xffffffe1][0xffffffc5]^[0x13]4[0xffffffd2][0xffffff8e][0xffffffd1]>pR)[0xffffff9c][\r]eNh0[0xffffff86][0xffffffd9]:[0xc][0xffffff87]E[0xffffffa6]=q<i[0xffffff8b]o&[0xffffffc4][0xffffffd8]3<[0xffffff95][0x13][0xffffff90]N&8w[0xffffffe9][0x8][0xffffffef]v[0xffffff8e][0xffffffab][0xffffffbe]>es[0xffffffe9]([0x13]/[0xffffffd6][0xfffffff5][0xffffff80]*[0xffffffba][0xfffffff2]v[0xfffffffe][0xffffffd9][0xffffff94]DA6>[0xffffff8e][0xffffffbb]o[0xfffffff8]o[0x1a]E[0xffffffb8] A[0xffffffa8]@?T[0xffffffad]'*:{[0xfffffffa]xR.*[0xffffffce][0xffffffe9][0xffffffd7][0xffffffad][0xffffff93][0xffffff93]4[0xffffffc9][0xfffffffa][0xffffffda]<n*t[0xffffffeb][0xffffffb9]oV[0xffffffb6][0xffffffc0]/M[0xffffff94]O[0xffffffc0][0xfffffff0][0xffffffe1]i[0xffffff90][0xffffffb5][0xfffffffe]9[0xffffff8b][0xffffffad][0xfffffff2]U,Ul[0xffffffdd][0x13]KL[0xffffffa2][0x6][0xffffffdd][0xffffffca]\?`[0xffffffea][0x9].[0xffffffd5]I [0xffffffa4]i[0x1a]_i,[\r][0xffffffdd][0xffffffa1][0xffffffc3][0xffffffae]kzI[0xffffffd1]_Q[0xffffffce]Ek[0xffffffcb][0xfffffff8]Kf[0xffffffb8][0xfffffffe][0xffffffd9]3[0xc][0xffffffe6][0xffffffd3][0xffffff8e][0x11][0x17][0x10]C[0x1d]`i[0x19][0xffffffd5][0xffffffbc][0xfffffff1][0xffffffa4]5[0xffffffbc][0x1e]o[0xfffffff5]K[0xffffffa9][0xffffffd6][0xfffffff8][0xffffffc1]f[0xffffff9b]z[0x4][0xffffffd4][0x1a][0xffffff86][0xffffffb9]^K[0x16]s[0xffffff91][0xfffffffe][0xffffffbf][0xffffff8b]l]~)x(p,[0x11]2[0x14][0x8]E8e[0xffffff9e][0xffffffca]:X[0xffffffa6][0xffffff86][0xffffff88].[0xffffffb6]9[0xffffff9a][0xffffff88].[0xfffffff7]]G[0xffffffea][0xffffffcb][0xe][0xfffffffb][0x7f].u[0xffffff83][0xffffffbb][0xfffffff4][0xffffffb3][0x19][0xffffffda][0xffffffec][0xffffff98][0xffffffc5]Y[0xfffffffd]h8m6\4[0xffffffc1][0xffffff8a][0xffffffb7][0xffffff98]z[0xffffffd0][0xffffffd5]oF5q[0x1c][0x13][0x16][0xfffffff0][0x1d][0x1e][0x19]5-[0xffffff9d][0xffffffef][0xffffffad]c[0xb]z[0xffffffae]/m[0xffffffe6]8[0xffffffb6][0xffffff96][0xfffffff6]7X[0xffffffc9]t[0xfffffff8][0xfffffff9][0xffffffa5][0x11]K[0xfffffffb][0x15]3[0xffffffc3][0xfffffffc][0x1f]B[0xffffffdb][0xffffffd3][0xffffffab][0xffffff92]4.[0xffffff93]Z[0xffffffdf]]:[0xffffffda][0xffffffea][0xffffffdc]B[0xffffffa6][0xffffffcd][0xffffffbc][0xffffffae][0x5][0xfffffff5][0x4][0xffffffd6]8[0xffffffc0][0xffffff82][0xffffff96][0xfffffff0][0xffffffd2][0xc][0xffffffed][0xffffffe0]Y[0xffffffa8][\r]:[[0xffffffa9][0x0][0xffffffff][0x1][0xfffffff8][0x15][0xffffffb4][0xffffffee][0xffffff8e][\r][0x0][0x0]"
2025-01-23 10:34:29 DEBUG o.a.h.c.h.i.c.InternalHttpClient - ep-0000000001 releasing valid endpoint
2025-01-23 10:34:29 DEBUG o.a.h.c.h.i.i.PoolingHttpClientConnectionManager - ep-0000000001 releasing endpoint
2025-01-23 10:34:29 DEBUG o.a.h.c.h.i.i.PoolingHttpClientConnectionManager - ep-0000000001 connection http-outgoing-0 can be kept alive for 3 MINUTES
2025-01-23 10:34:29 DEBUG o.a.h.c.h.i.i.PoolingHttpClientConnectionManager - ep-0000000001 connection released [route: {s}->https://raw.githubusercontent.com:443][total available: 1; route allocated: 1 of 5; total allocated: 1 of 25]
2025-01-23 10:34:29 DEBUG i.g.b.wdm.versions.VersionDetector - Detecting chrome version using online commands.properties
2025-01-23 10:34:29 DEBUG i.g.bonigarcia.wdm.versions.Shell - Running command on the shell: [cmd.exe, /C, wmic, datafile, where, name="%PROGRAMFILES:\=\\%\\Google\\Chrome\\Application\\chrome.exe", get, Version, /value]
2025-01-23 10:34:29 DEBUG i.g.bonigarcia.wdm.versions.Shell - Result: Version=132.0.6834.84
2025-01-23 10:34:29 DEBUG i.g.b.wdm.cache.ResolutionCache - Resolution chrome132=132.0.6834.83 in cache (valid until 10:35:46 23/01/2025 CET)
2025-01-23 10:34:29 INFO  i.g.bonigarcia.wdm.WebDriverManager - Using chromedriver 132.0.6834.83 (resolved driver for Chrome 132)
2025-01-23 10:34:29 DEBUG i.g.b.wdm.cache.ResolutionCache - Storing resolution chrome=132 in cache (valid until 11:34:29 23/01/2025 CET)
2025-01-23 10:34:29 DEBUG i.g.bonigarcia.wdm.WebDriverManager - Driver chromedriver 132.0.6834.83 found in cache
2025-01-23 10:34:29 INFO  i.g.bonigarcia.wdm.WebDriverManager - Exporting webdriver.chrome.driver as C:\Users\gabor.szabo\.cache\selenium\chromedriver\win64\132.0.6834.83\chromedriver.exe
2025-01-23 10:34:29 DEBUG i.n.u.i.l.InternalLoggerFactory - Using SLF4J as the default logging framework
2025-01-23 10:34:29 DEBUG io.netty.util.ResourceLeakDetector - -Dio.netty.leakDetection.level: simple
2025-01-23 10:34:29 DEBUG io.netty.util.ResourceLeakDetector - -Dio.netty.leakDetection.targetRecords: 4
2025-01-23 10:34:29 DEBUG i.n.util.ResourceLeakDetectorFactory - Loaded default ResourceLeakDetector: io.netty.util.ResourceLeakDetector@680d4a6a
2025-01-23 10:34:29 DEBUG i.n.util.internal.PlatformDependent0 - -Dio.netty.noUnsafe: false
2025-01-23 10:34:29 DEBUG i.n.util.internal.PlatformDependent0 - Java version: 11
2025-01-23 10:34:29 DEBUG i.n.util.internal.PlatformDependent0 - sun.misc.Unsafe.theUnsafe: available
2025-01-23 10:34:29 DEBUG i.n.util.internal.PlatformDependent0 - sun.misc.Unsafe.copyMemory: available
2025-01-23 10:34:29 DEBUG i.n.util.internal.PlatformDependent0 - sun.misc.Unsafe.storeFence: available
2025-01-23 10:34:29 DEBUG i.n.util.internal.PlatformDependent0 - java.nio.Buffer.address: available
2025-01-23 10:34:29 DEBUG i.n.util.internal.PlatformDependent0 - direct buffer constructor: unavailable: Reflective setAccessible(true) disabled
2025-01-23 10:34:29 DEBUG i.n.util.internal.PlatformDependent0 - java.nio.Bits.unaligned: available, true
2025-01-23 10:34:29 DEBUG i.n.util.internal.PlatformDependent0 - jdk.internal.misc.Unsafe.allocateUninitializedArray(int): unavailable: class io.netty.util.internal.PlatformDependent0$7 cannot access class jdk.internal.misc.Unsafe (in module java.base) because module java.base does not export jdk.internal.misc to unnamed module @134c370e
2025-01-23 10:34:29 DEBUG i.n.util.internal.PlatformDependent0 - java.nio.DirectByteBuffer.<init>(long, int): unavailable
2025-01-23 10:34:29 DEBUG i.n.util.internal.PlatformDependent - sun.misc.Unsafe: available
2025-01-23 10:34:29 DEBUG i.n.util.internal.PlatformDependent - maxDirectMemory: 4200595456 bytes (maybe)
2025-01-23 10:34:29 DEBUG i.n.util.internal.PlatformDependent - -Dio.netty.tmpdir: C:\Users\GABOR~1.SZA\AppData\Local\Temp (java.io.tmpdir)
2025-01-23 10:34:29 DEBUG i.n.util.internal.PlatformDependent - -Dio.netty.bitMode: 64 (sun.arch.data.model)
2025-01-23 10:34:29 DEBUG i.n.util.internal.PlatformDependent - Platform: Windows
2025-01-23 10:34:29 DEBUG i.n.util.internal.PlatformDependent - -Dio.netty.maxDirectMemory: -1 bytes
2025-01-23 10:34:29 DEBUG i.n.util.internal.PlatformDependent - -Dio.netty.uninitializedArrayAllocationThreshold: -1
2025-01-23 10:34:29 DEBUG io.netty.util.internal.CleanerJava9 - java.nio.ByteBuffer.cleaner(): available
2025-01-23 10:34:29 DEBUG i.n.util.internal.PlatformDependent - -Dio.netty.noPreferDirect: false
2025-01-23 10:34:29 DEBUG i.n.util.internal.PlatformDependent - org.jctools-core.MpscChunkedArrayQueue: available
2025-01-23 10:34:30 DEBUG i.n.u.i.InternalThreadLocalMap - -Dio.netty.threadLocalMap.stringBuilder.initialSize: 1024
2025-01-23 10:34:30 DEBUG i.n.u.i.InternalThreadLocalMap - -Dio.netty.threadLocalMap.stringBuilder.maxSize: 4096
2025-01-23 10:34:30 DEBUG io.netty.handler.ssl.JdkSslContext - Default protocols (JDK): [TLSv1.3, TLSv1.2] 
2025-01-23 10:34:30 DEBUG io.netty.handler.ssl.JdkSslContext - Default cipher suites (JDK): [TLS_ECDHE_ECDSA_WITH_AES_256_GCM_SHA384, TLS_ECDHE_ECDSA_WITH_AES_128_GCM_SHA256, TLS_ECDHE_RSA_WITH_AES_128_GCM_SHA256, TLS_ECDHE_RSA_WITH_AES_256_GCM_SHA384, TLS_ECDHE_RSA_WITH_AES_128_CBC_SHA, TLS_ECDHE_RSA_WITH_AES_256_CBC_SHA, TLS_RSA_WITH_AES_128_GCM_SHA256, TLS_RSA_WITH_AES_128_CBC_SHA, TLS_RSA_WITH_AES_256_CBC_SHA, TLS_AES_128_GCM_SHA256, TLS_AES_256_GCM_SHA384]
2025-01-23 10:34:30 DEBUG i.n.c.MultithreadEventLoopGroup - -Dio.netty.eventLoopThreads: 24
2025-01-23 10:34:30 DEBUG io.netty.channel.nio.NioEventLoop - -Dio.netty.noKeySetOptimization: false
2025-01-23 10:34:30 DEBUG io.netty.channel.nio.NioEventLoop - -Dio.netty.selectorAutoRebuildThreshold: 512
2025-01-23 10:34:30 DEBUG i.n.buffer.PooledByteBufAllocator - -Dio.netty.allocator.numHeapArenas: 24
2025-01-23 10:34:30 DEBUG i.n.buffer.PooledByteBufAllocator - -Dio.netty.allocator.numDirectArenas: 24
2025-01-23 10:34:30 DEBUG i.n.buffer.PooledByteBufAllocator - -Dio.netty.allocator.pageSize: 8192
2025-01-23 10:34:30 DEBUG i.n.buffer.PooledByteBufAllocator - -Dio.netty.allocator.maxOrder: 9
2025-01-23 10:34:30 DEBUG i.n.buffer.PooledByteBufAllocator - -Dio.netty.allocator.chunkSize: 4194304
2025-01-23 10:34:30 DEBUG i.n.buffer.PooledByteBufAllocator - -Dio.netty.allocator.smallCacheSize: 256
2025-01-23 10:34:30 DEBUG i.n.buffer.PooledByteBufAllocator - -Dio.netty.allocator.normalCacheSize: 64
2025-01-23 10:34:30 DEBUG i.n.buffer.PooledByteBufAllocator - -Dio.netty.allocator.maxCachedBufferCapacity: 32768
2025-01-23 10:34:30 DEBUG i.n.buffer.PooledByteBufAllocator - -Dio.netty.allocator.cacheTrimInterval: 8192
2025-01-23 10:34:30 DEBUG i.n.buffer.PooledByteBufAllocator - -Dio.netty.allocator.cacheTrimIntervalMillis: 0
2025-01-23 10:34:30 DEBUG i.n.buffer.PooledByteBufAllocator - -Dio.netty.allocator.useCacheForAllThreads: false
2025-01-23 10:34:30 DEBUG i.n.buffer.PooledByteBufAllocator - -Dio.netty.allocator.maxCachedByteBuffersPerChunk: 1023
2025-01-23 10:34:30 DEBUG io.netty.buffer.ByteBufUtil - -Dio.netty.allocator.type: pooled
2025-01-23 10:34:30 DEBUG io.netty.buffer.ByteBufUtil - -Dio.netty.threadLocalDirectBufferSize: 0
2025-01-23 10:34:30 DEBUG io.netty.buffer.ByteBufUtil - -Dio.netty.maxThreadLocalCharBufferSize: 16384
2025-01-23 10:34:30 DEBUG io.netty.channel.DefaultChannelId - -Dio.netty.processId: 23092 (auto-detected)
2025-01-23 10:34:30 DEBUG io.netty.util.NetUtil - -Djava.net.preferIPv4Stack: false
2025-01-23 10:34:30 DEBUG io.netty.util.NetUtil - -Djava.net.preferIPv6Addresses: false
2025-01-23 10:34:30 DEBUG i.netty.util.NetUtilInitializations - Loopback interface: lo (Software Loopback Interface 1, 127.0.0.1)
2025-01-23 10:34:30 DEBUG io.netty.util.NetUtil - Failed to get SOMAXCONN from sysctl and file \proc\sys\net\core\somaxconn. Default: 200
2025-01-23 10:34:30 DEBUG io.netty.channel.DefaultChannelId - -Dio.netty.machineId: 4c:5f:70:ff:fe:1f:4b:7c (auto-detected)
2025-01-23 10:34:30 DEBUG io.netty.buffer.AbstractByteBuf - -Dio.netty.buffer.checkAccessible: true
2025-01-23 10:34:30 DEBUG io.netty.buffer.AbstractByteBuf - -Dio.netty.buffer.checkBounds: true
2025-01-23 10:34:30 DEBUG i.n.util.ResourceLeakDetectorFactory - Loaded default ResourceLeakDetector: io.netty.util.ResourceLeakDetector@7484fa68
2025-01-23 10:34:30 DEBUG o.a.n.channel.NettyConnectListener - Using new Channel '[id: 0x8ab5c9a5, L:/127.0.0.1:65379 - R:localhost/127.0.0.1:13436]' for 'POST' to '/session'
2025-01-23 10:34:30 DEBUG io.netty.util.Recycler - -Dio.netty.recycler.maxCapacityPerThread: 4096
2025-01-23 10:34:30 DEBUG io.netty.util.Recycler - -Dio.netty.recycler.ratio: 8
2025-01-23 10:34:30 DEBUG io.netty.util.Recycler - -Dio.netty.recycler.chunkSize: 32
2025-01-23 10:34:30 DEBUG io.netty.util.Recycler - -Dio.netty.recycler.blocking: false
2025-01-23 10:34:31 DEBUG i.n.handler.codec.compression.Brotli - brotli4j not in the classpath; Brotli support will be unavailable.
2025-01-23 10:34:31 DEBUG o.a.netty.handler.HttpHandler - 

Request DefaultHttpRequest(decodeResult: success, version: HTTP/1.1)
POST /session HTTP/1.1
User-Agent: selenium/4.8.0 (java windows)
Content-Length: 501
Content-Type: application/json; charset=utf-8
host: localhost:13436
accept: */*

Response DefaultHttpResponse(decodeResult: success, version: HTTP/1.1)
HTTP/1.1 200 OK
Content-Length: 888
Content-Type: application/json; charset=utf-8
cache-control: no-cache

2025-01-23 10:34:31 DEBUG o.a.netty.channel.ChannelManager - Adding key: http://localhost:13436 for channel [id: 0x8ab5c9a5, L:/127.0.0.1:65379 - R:localhost/127.0.0.1:13436]
2025-01-23 10:34:31 DEBUG o.a.n.channel.NettyConnectListener - Using new Channel '[id: 0x5daea5dd, L:/127.0.0.1:65387 - R:localhost/127.0.0.1:65380]' for 'GET' to '/json/version'
2025-01-23 10:34:31 DEBUG o.a.netty.handler.HttpHandler - 

Request DefaultFullHttpRequest(decodeResult: success, version: HTTP/1.1, content: EmptyByteBufBE)
GET /json/version HTTP/1.1
User-Agent: selenium/4.8.0 (java windows)
host: localhost:65380
accept: */*

Response DefaultHttpResponse(decodeResult: success, version: HTTP/1.1)
HTTP/1.1 200 OK
Content-Security-Policy: frame-ancestors 'none'
Content-Length: 423
Content-Type: application/json; charset=UTF-8

2025-01-23 10:34:31 DEBUG o.a.netty.channel.ChannelManager - Adding key: http://localhost:65380 for channel [id: 0x5daea5dd, L:/127.0.0.1:65387 - R:localhost/127.0.0.1:65380]
2025-01-23 10:34:31 DEBUG i.n.util.internal.ThreadLocalRandom - -Dio.netty.initialSeedUniquifier: 0xf849c5b317f1c25e
2025-01-23 10:34:31 DEBUG o.a.n.channel.NettyConnectListener - Using new Channel '[id: 0xbebd4827, L:/127.0.0.1:65388 - R:localhost/127.0.0.1:65380]' for 'GET' to '/devtools/browser/4e40ebf3-4b74-437d-9359-52b1a60cd99c'
2025-01-23 10:34:31 DEBUG o.a.netty.handler.WebSocketHandler - 

Request DefaultFullHttpRequest(decodeResult: success, version: HTTP/1.1, content: EmptyByteBufBE)
GET /devtools/browser/4e40ebf3-4b74-437d-9359-52b1a60cd99c HTTP/1.1
upgrade: websocket
connection: upgrade
sec-websocket-key: +jNGjYprbYtyC8n3g2Y0KA==
sec-websocket-version: 13
origin: http://localhost:65380
host: localhost:65380
accept: */*
user-agent: AHC/2.1

Response DefaultHttpResponse(decodeResult: success, version: HTTP/1.1)
HTTP/1.1 101 WebSocket Protocol Handshake
Upgrade: WebSocket
Connection: Upgrade
Sec-WebSocket-Accept: aV8yKLV93Smj3eiw1zEJJHsurZc=

setupTest() method is running
2025-01-23 10:34:31 DEBUG i.g.bonigarcia.wdm.WebDriverManager - Using WebDriverManager 5.9.2
2025-01-23 10:34:31 DEBUG i.g.b.wdm.cache.ResolutionCache - Resolution chrome=132 in cache (valid until 11:34:29 23/01/2025 CET)
2025-01-23 10:34:31 DEBUG i.g.b.wdm.cache.ResolutionCache - Resolution chrome132=132.0.6834.83 in cache (valid until 10:35:46 23/01/2025 CET)
2025-01-23 10:34:31 INFO  i.g.bonigarcia.wdm.WebDriverManager - Using chromedriver 132.0.6834.83 (resolved driver for Chrome 132)
2025-01-23 10:34:31 DEBUG i.g.bonigarcia.wdm.WebDriverManager - Driver chromedriver 132.0.6834.83 found in cache
2025-01-23 10:34:31 INFO  i.g.bonigarcia.wdm.WebDriverManager - Exporting webdriver.chrome.driver as C:\Users\gabor.szabo\.cache\selenium\chromedriver\win64\132.0.6834.83\chromedriver.exe
2025-01-23 10:34:31 DEBUG o.a.n.channel.NettyConnectListener - Using new Channel '[id: 0x018bd171, L:/127.0.0.1:65391 - R:localhost/127.0.0.1:14361]' for 'POST' to '/session'
2025-01-23 10:34:32 DEBUG o.a.netty.channel.DefaultChannelPool - Entry count for : http://localhost:65380 : 1
2025-01-23 10:34:32 DEBUG o.a.netty.channel.DefaultChannelPool - Entry count for : http://localhost:13436 : 1
2025-01-23 10:34:32 DEBUG o.a.netty.handler.HttpHandler - 

Request DefaultHttpRequest(decodeResult: success, version: HTTP/1.1)
POST /session HTTP/1.1
User-Agent: selenium/4.8.0 (java windows)
Content-Length: 501
Content-Type: application/json; charset=utf-8
host: localhost:14361
accept: */*

Response DefaultHttpResponse(decodeResult: success, version: HTTP/1.1)
HTTP/1.1 200 OK
Content-Length: 887
Content-Type: application/json; charset=utf-8
cache-control: no-cache

2025-01-23 10:34:32 DEBUG o.a.netty.channel.ChannelManager - Adding key: http://localhost:14361 for channel [id: 0x018bd171, L:/127.0.0.1:65391 - R:localhost/127.0.0.1:14361]
2025-01-23 10:34:32 DEBUG o.a.n.channel.NettyConnectListener - Using new Channel '[id: 0x794736e5, L:/127.0.0.1:65398 - R:localhost/127.0.0.1:65392]' for 'GET' to '/json/version'
2025-01-23 10:34:32 DEBUG o.a.netty.handler.HttpHandler - 

Request DefaultFullHttpRequest(decodeResult: success, version: HTTP/1.1, content: EmptyByteBufBE)
GET /json/version HTTP/1.1
User-Agent: selenium/4.8.0 (java windows)
host: localhost:65392
accept: */*

Response DefaultHttpResponse(decodeResult: success, version: HTTP/1.1)
HTTP/1.1 200 OK
Content-Security-Policy: frame-ancestors 'none'
Content-Length: 423
Content-Type: application/json; charset=UTF-8

2025-01-23 10:34:32 DEBUG o.a.netty.channel.ChannelManager - Adding key: http://localhost:65392 for channel [id: 0x794736e5, L:/127.0.0.1:65398 - R:localhost/127.0.0.1:65392]
2025-01-23 10:34:32 DEBUG o.a.n.channel.NettyConnectListener - Using new Channel '[id: 0x9bf324d5, L:/127.0.0.1:65399 - R:localhost/127.0.0.1:65392]' for 'GET' to '/devtools/browser/1d7fb6c0-8868-4133-8764-c59d694f3cd9'
2025-01-23 10:34:32 DEBUG o.a.netty.handler.WebSocketHandler - 

Request DefaultFullHttpRequest(decodeResult: success, version: HTTP/1.1, content: EmptyByteBufBE)
GET /devtools/browser/1d7fb6c0-8868-4133-8764-c59d694f3cd9 HTTP/1.1
upgrade: websocket
connection: upgrade
sec-websocket-key: d0ISjk1w33itkG0QOQnMVA==
sec-websocket-version: 13
origin: http://localhost:65392
host: localhost:65392
accept: */*
user-agent: AHC/2.1

Response DefaultHttpResponse(decodeResult: success, version: HTTP/1.1)
HTTP/1.1 101 WebSocket Protocol Handshake
Upgrade: WebSocket
Connection: Upgrade
Sec-WebSocket-Accept: Udj8+/PELgxrFuOibGFDA0v7kQQ=

setupTest() method is running
2025-01-23 10:34:32 DEBUG o.a.netty.request.NettyRequestSender - Using pooled Channel '[id: 0x018bd171, L:/127.0.0.1:65391 - R:localhost/127.0.0.1:14361]' for 'POST' to 'http://localhost:14361/session/d591255c7d94405325adf632a08053e4/url'
2025-01-23 10:34:32 DEBUG o.a.netty.request.NettyRequestSender - Using open Channel [id: 0x018bd171, L:/127.0.0.1:65391 - R:localhost/127.0.0.1:14361] for POST '/session/d591255c7d94405325adf632a08053e4/url'
2025-01-23 10:34:33 DEBUG o.a.netty.channel.DefaultChannelPool - Entry count for : http://localhost:65380 : 1
2025-01-23 10:34:33 DEBUG o.a.netty.channel.DefaultChannelPool - Entry count for : http://localhost:65392 : 1
2025-01-23 10:34:33 DEBUG o.a.netty.channel.DefaultChannelPool - Entry count for : http://localhost:13436 : 1
2025-01-23 10:34:33 DEBUG o.a.netty.handler.HttpHandler - 

Request DefaultHttpRequest(decodeResult: success, version: HTTP/1.1)
POST /session/d591255c7d94405325adf632a08053e4/url HTTP/1.1
User-Agent: selenium/4.8.0 (java windows)
Content-Length: 61
Content-Type: application/json; charset=utf-8
host: localhost:14361
accept: */*

Response DefaultHttpResponse(decodeResult: success, version: HTTP/1.1)
HTTP/1.1 200 OK
Content-Length: 14
Content-Type: application/json; charset=utf-8
cache-control: no-cache

2025-01-23 10:34:33 DEBUG o.a.netty.channel.ChannelManager - Adding key: http://localhost:14361 for channel [id: 0x018bd171, L:/127.0.0.1:65391 - R:localhost/127.0.0.1:14361]
2025-01-23 10:34:33 DEBUG o.a.netty.request.NettyRequestSender - Using pooled Channel '[id: 0x018bd171, L:/127.0.0.1:65391 - R:localhost/127.0.0.1:14361]' for 'POST' to 'http://localhost:14361/session/d591255c7d94405325adf632a08053e4/elements'
2025-01-23 10:34:33 DEBUG o.a.netty.request.NettyRequestSender - Using open Channel [id: 0x018bd171, L:/127.0.0.1:65391 - R:localhost/127.0.0.1:14361] for POST '/session/d591255c7d94405325adf632a08053e4/elements'
2025-01-23 10:34:33 DEBUG o.a.netty.handler.HttpHandler - 

Request DefaultHttpRequest(decodeResult: success, version: HTTP/1.1)
POST /session/d591255c7d94405325adf632a08053e4/elements HTTP/1.1
User-Agent: selenium/4.8.0 (java windows)
Content-Length: 65
Content-Type: application/json; charset=utf-8
host: localhost:14361
accept: */*

Response DefaultHttpResponse(decodeResult: success, version: HTTP/1.1)
HTTP/1.1 200 OK
Content-Length: 359
Content-Type: application/json; charset=utf-8
cache-control: no-cache

2025-01-23 10:34:33 DEBUG o.a.netty.channel.ChannelManager - Adding key: http://localhost:14361 for channel [id: 0x018bd171, L:/127.0.0.1:65391 - R:localhost/127.0.0.1:14361]
2025-01-23 10:34:33 DEBUG o.a.netty.request.NettyRequestSender - Using pooled Channel '[id: 0x018bd171, L:/127.0.0.1:65391 - R:localhost/127.0.0.1:14361]' for 'POST' to 'http://localhost:14361/session/d591255c7d94405325adf632a08053e4/execute/sync'
2025-01-23 10:34:33 DEBUG o.a.netty.request.NettyRequestSender - Using open Channel [id: 0x018bd171, L:/127.0.0.1:65391 - R:localhost/127.0.0.1:14361] for POST '/session/d591255c7d94405325adf632a08053e4/execute/sync'
2025-01-23 10:34:33 DEBUG o.a.netty.handler.HttpHandler - 

Request DefaultHttpRequest(decodeResult: success, version: HTTP/1.1)
POST /session/d591255c7d94405325adf632a08053e4/execute/sync HTTP/1.1
User-Agent: selenium/4.8.0 (java windows)
Content-Length: 296
Content-Type: application/json; charset=utf-8
host: localhost:14361
accept: */*

Response DefaultHttpResponse(decodeResult: success, version: HTTP/1.1)
HTTP/1.1 200 OK
Content-Length: 14
Content-Type: application/json; charset=utf-8
cache-control: no-cache

2025-01-23 10:34:33 DEBUG o.a.netty.channel.ChannelManager - Adding key: http://localhost:14361 for channel [id: 0x018bd171, L:/127.0.0.1:65391 - R:localhost/127.0.0.1:14361]
2025-01-23 10:34:33 DEBUG o.a.netty.request.NettyRequestSender - Using pooled Channel '[id: 0x018bd171, L:/127.0.0.1:65391 - R:localhost/127.0.0.1:14361]' for 'POST' to 'http://localhost:14361/session/d591255c7d94405325adf632a08053e4/actions'
2025-01-23 10:34:33 DEBUG o.a.netty.request.NettyRequestSender - Using open Channel [id: 0x018bd171, L:/127.0.0.1:65391 - R:localhost/127.0.0.1:14361] for POST '/session/d591255c7d94405325adf632a08053e4/actions'
2025-01-23 10:34:33 DEBUG o.a.netty.handler.HttpHandler - 

Request DefaultHttpRequest(decodeResult: success, version: HTTP/1.1)
POST /session/d591255c7d94405325adf632a08053e4/actions HTTP/1.1
User-Agent: selenium/4.8.0 (java windows)
Content-Length: 704
Content-Type: application/json; charset=utf-8
host: localhost:14361
accept: */*

Response DefaultHttpResponse(decodeResult: success, version: HTTP/1.1)
HTTP/1.1 200 OK
Content-Length: 14
Content-Type: application/json; charset=utf-8
cache-control: no-cache

2025-01-23 10:34:33 DEBUG o.a.netty.channel.ChannelManager - Adding key: http://localhost:14361 for channel [id: 0x018bd171, L:/127.0.0.1:65391 - R:localhost/127.0.0.1:14361]
2025-01-23 10:34:33 DEBUG o.a.netty.request.NettyRequestSender - Using pooled Channel '[id: 0x018bd171, L:/127.0.0.1:65391 - R:localhost/127.0.0.1:14361]' for 'POST' to 'http://localhost:14361/session/d591255c7d94405325adf632a08053e4/execute/sync'
2025-01-23 10:34:33 DEBUG o.a.netty.request.NettyRequestSender - Using open Channel [id: 0x018bd171, L:/127.0.0.1:65391 - R:localhost/127.0.0.1:14361] for POST '/session/d591255c7d94405325adf632a08053e4/execute/sync'
2025-01-23 10:34:33 DEBUG o.a.netty.handler.HttpHandler - 

Request DefaultHttpRequest(decodeResult: success, version: HTTP/1.1)
POST /session/d591255c7d94405325adf632a08053e4/execute/sync HTTP/1.1
User-Agent: selenium/4.8.0 (java windows)
Content-Length: 47402
Content-Type: application/json; charset=utf-8
host: localhost:14361
accept: */*

Response DefaultHttpResponse(decodeResult: success, version: HTTP/1.1)
HTTP/1.1 200 OK
Content-Length: 20
Content-Type: application/json; charset=utf-8
cache-control: no-cache

2025-01-23 10:34:33 DEBUG o.a.netty.channel.ChannelManager - Adding key: http://localhost:14361 for channel [id: 0x018bd171, L:/127.0.0.1:65391 - R:localhost/127.0.0.1:14361]
User clicked on the 'Yes' radio button.
2025-01-23 10:34:33 DEBUG o.a.netty.request.NettyRequestSender - Using pooled Channel '[id: 0x018bd171, L:/127.0.0.1:65391 - R:localhost/127.0.0.1:14361]' for 'POST' to 'http://localhost:14361/session/d591255c7d94405325adf632a08053e4/element'
2025-01-23 10:34:33 DEBUG o.a.netty.request.NettyRequestSender - Using open Channel [id: 0x018bd171, L:/127.0.0.1:65391 - R:localhost/127.0.0.1:14361] for POST '/session/d591255c7d94405325adf632a08053e4/element'
2025-01-23 10:34:33 DEBUG o.a.netty.handler.HttpHandler - 

Request DefaultHttpRequest(decodeResult: success, version: HTTP/1.1)
POST /session/d591255c7d94405325adf632a08053e4/element HTTP/1.1
User-Agent: selenium/4.8.0 (java windows)
Content-Length: 50
Content-Type: application/json; charset=utf-8
host: localhost:14361
accept: */*

Response DefaultHttpResponse(decodeResult: success, version: HTTP/1.1)
HTTP/1.1 200 OK
Content-Length: 126
Content-Type: application/json; charset=utf-8
cache-control: no-cache

2025-01-23 10:34:33 DEBUG o.a.netty.channel.ChannelManager - Adding key: http://localhost:14361 for channel [id: 0x018bd171, L:/127.0.0.1:65391 - R:localhost/127.0.0.1:14361]
2025-01-23 10:34:33 DEBUG o.a.netty.request.NettyRequestSender - Using pooled Channel '[id: 0x018bd171, L:/127.0.0.1:65391 - R:localhost/127.0.0.1:14361]' for 'GET' to 'http://localhost:14361/session/d591255c7d94405325adf632a08053e4/element/f.8A2C0D847A06936E15A85A9D9632B3F8.d.063F752B681789BFC446341305412CCB.e.40/text'
2025-01-23 10:34:33 DEBUG o.a.netty.request.NettyRequestSender - Using open Channel [id: 0x018bd171, L:/127.0.0.1:65391 - R:localhost/127.0.0.1:14361] for GET '/session/d591255c7d94405325adf632a08053e4/element/f.8A2C0D847A06936E15A85A9D9632B3F8.d.063F752B681789BFC446341305412CCB.e.40/text'
2025-01-23 10:34:33 DEBUG o.a.netty.handler.HttpHandler - 

Request DefaultFullHttpRequest(decodeResult: success, version: HTTP/1.1, content: EmptyByteBufBE)
GET /session/d591255c7d94405325adf632a08053e4/element/f.8A2C0D847A06936E15A85A9D9632B3F8.d.063F752B681789BFC446341305412CCB.e.40/text HTTP/1.1
User-Agent: selenium/4.8.0 (java windows)
Cache-Control: no-cache
Content-Type: application/json; charset=utf-8
host: localhost:14361
accept: */*

Response DefaultHttpResponse(decodeResult: success, version: HTTP/1.1)
HTTP/1.1 200 OK
Content-Length: 33
Content-Type: application/json; charset=utf-8
cache-control: no-cache

2025-01-23 10:34:33 DEBUG o.a.netty.channel.ChannelManager - Adding key: http://localhost:14361 for channel [id: 0x018bd171, L:/127.0.0.1:65391 - R:localhost/127.0.0.1:14361]
2025-01-23 10:34:33 DEBUG o.a.netty.request.NettyRequestSender - Using pooled Channel '[id: 0x018bd171, L:/127.0.0.1:65391 - R:localhost/127.0.0.1:14361]' for 'POST' to 'http://localhost:14361/session/d591255c7d94405325adf632a08053e4/execute/sync'
2025-01-23 10:34:33 DEBUG o.a.netty.request.NettyRequestSender - Using open Channel [id: 0x018bd171, L:/127.0.0.1:65391 - R:localhost/127.0.0.1:14361] for POST '/session/d591255c7d94405325adf632a08053e4/execute/sync'
2025-01-23 10:34:33 DEBUG o.a.netty.handler.HttpHandler - 

Request DefaultHttpRequest(decodeResult: success, version: HTTP/1.1)
POST /session/d591255c7d94405325adf632a08053e4/execute/sync HTTP/1.1
User-Agent: selenium/4.8.0 (java windows)
Content-Length: 47402
Content-Type: application/json; charset=utf-8
host: localhost:14361
accept: */*

Response DefaultHttpResponse(decodeResult: success, version: HTTP/1.1)
HTTP/1.1 200 OK
Content-Length: 20
Content-Type: application/json; charset=utf-8
cache-control: no-cache

2025-01-23 10:34:33 DEBUG o.a.netty.channel.ChannelManager - Adding key: http://localhost:14361 for channel [id: 0x018bd171, L:/127.0.0.1:65391 - R:localhost/127.0.0.1:14361]
'You have selected Yes' message is displayed
2025-01-23 10:34:34 DEBUG o.a.netty.request.NettyRequestSender - Using pooled Channel '[id: 0x018bd171, L:/127.0.0.1:65391 - R:localhost/127.0.0.1:14361]' for 'POST' to 'http://localhost:14361/session/d591255c7d94405325adf632a08053e4/execute/sync'
2025-01-23 10:34:34 DEBUG o.a.netty.request.NettyRequestSender - Using open Channel [id: 0x018bd171, L:/127.0.0.1:65391 - R:localhost/127.0.0.1:14361] for POST '/session/d591255c7d94405325adf632a08053e4/execute/sync'
2025-01-23 10:34:34 DEBUG o.a.netty.handler.HttpHandler - 

Request DefaultHttpRequest(decodeResult: success, version: HTTP/1.1)
POST /session/d591255c7d94405325adf632a08053e4/execute/sync HTTP/1.1
User-Agent: selenium/4.8.0 (java windows)
Content-Length: 296
Content-Type: application/json; charset=utf-8
host: localhost:14361
accept: */*

Response DefaultHttpResponse(decodeResult: success, version: HTTP/1.1)
HTTP/1.1 200 OK
Content-Length: 14
Content-Type: application/json; charset=utf-8
cache-control: no-cache

2025-01-23 10:34:34 DEBUG o.a.netty.channel.ChannelManager - Adding key: http://localhost:14361 for channel [id: 0x018bd171, L:/127.0.0.1:65391 - R:localhost/127.0.0.1:14361]
2025-01-23 10:34:34 DEBUG o.a.netty.request.NettyRequestSender - Using pooled Channel '[id: 0x018bd171, L:/127.0.0.1:65391 - R:localhost/127.0.0.1:14361]' for 'POST' to 'http://localhost:14361/session/d591255c7d94405325adf632a08053e4/actions'
2025-01-23 10:34:34 DEBUG o.a.netty.request.NettyRequestSender - Using open Channel [id: 0x018bd171, L:/127.0.0.1:65391 - R:localhost/127.0.0.1:14361] for POST '/session/d591255c7d94405325adf632a08053e4/actions'
2025-01-23 10:34:34 DEBUG o.a.netty.channel.DefaultChannelPool - Entry count for : http://localhost:65380 : 1
2025-01-23 10:34:34 DEBUG o.a.netty.channel.DefaultChannelPool - Entry count for : http://localhost:65392 : 1
2025-01-23 10:34:34 DEBUG o.a.netty.channel.DefaultChannelPool - Entry count for : http://localhost:13436 : 1
2025-01-23 10:34:34 DEBUG o.a.netty.handler.HttpHandler - 

Request DefaultHttpRequest(decodeResult: success, version: HTTP/1.1)
POST /session/d591255c7d94405325adf632a08053e4/actions HTTP/1.1
User-Agent: selenium/4.8.0 (java windows)
Content-Length: 704
Content-Type: application/json; charset=utf-8
host: localhost:14361
accept: */*

Response DefaultHttpResponse(decodeResult: success, version: HTTP/1.1)
HTTP/1.1 200 OK
Content-Length: 14
Content-Type: application/json; charset=utf-8
cache-control: no-cache

2025-01-23 10:34:34 DEBUG o.a.netty.channel.ChannelManager - Adding key: http://localhost:14361 for channel [id: 0x018bd171, L:/127.0.0.1:65391 - R:localhost/127.0.0.1:14361]
2025-01-23 10:34:34 DEBUG o.a.netty.request.NettyRequestSender - Using pooled Channel '[id: 0x018bd171, L:/127.0.0.1:65391 - R:localhost/127.0.0.1:14361]' for 'POST' to 'http://localhost:14361/session/d591255c7d94405325adf632a08053e4/execute/sync'
2025-01-23 10:34:34 DEBUG o.a.netty.request.NettyRequestSender - Using open Channel [id: 0x018bd171, L:/127.0.0.1:65391 - R:localhost/127.0.0.1:14361] for POST '/session/d591255c7d94405325adf632a08053e4/execute/sync'
2025-01-23 10:34:34 DEBUG o.a.netty.handler.HttpHandler - 

Request DefaultHttpRequest(decodeResult: success, version: HTTP/1.1)
POST /session/d591255c7d94405325adf632a08053e4/execute/sync HTTP/1.1
User-Agent: selenium/4.8.0 (java windows)
Content-Length: 47402
Content-Type: application/json; charset=utf-8
host: localhost:14361
accept: */*

Response DefaultHttpResponse(decodeResult: success, version: HTTP/1.1)
HTTP/1.1 200 OK
Content-Length: 27
Content-Type: application/json; charset=utf-8
cache-control: no-cache

2025-01-23 10:34:34 DEBUG o.a.netty.channel.ChannelManager - Adding key: http://localhost:14361 for channel [id: 0x018bd171, L:/127.0.0.1:65391 - R:localhost/127.0.0.1:14361]
User clicked on the 'Impressive' radio button.
2025-01-23 10:34:34 DEBUG o.a.netty.request.NettyRequestSender - Using pooled Channel '[id: 0x018bd171, L:/127.0.0.1:65391 - R:localhost/127.0.0.1:14361]' for 'POST' to 'http://localhost:14361/session/d591255c7d94405325adf632a08053e4/element'
2025-01-23 10:34:34 DEBUG o.a.netty.request.NettyRequestSender - Using open Channel [id: 0x018bd171, L:/127.0.0.1:65391 - R:localhost/127.0.0.1:14361] for POST '/session/d591255c7d94405325adf632a08053e4/element'
2025-01-23 10:34:34 DEBUG o.a.netty.handler.HttpHandler - 

Request DefaultHttpRequest(decodeResult: success, version: HTTP/1.1)
POST /session/d591255c7d94405325adf632a08053e4/element HTTP/1.1
User-Agent: selenium/4.8.0 (java windows)
Content-Length: 50
Content-Type: application/json; charset=utf-8
host: localhost:14361
accept: */*

Response DefaultHttpResponse(decodeResult: success, version: HTTP/1.1)
HTTP/1.1 200 OK
Content-Length: 126
Content-Type: application/json; charset=utf-8
cache-control: no-cache

2025-01-23 10:34:34 DEBUG o.a.netty.channel.ChannelManager - Adding key: http://localhost:14361 for channel [id: 0x018bd171, L:/127.0.0.1:65391 - R:localhost/127.0.0.1:14361]
2025-01-23 10:34:34 DEBUG o.a.netty.request.NettyRequestSender - Using pooled Channel '[id: 0x018bd171, L:/127.0.0.1:65391 - R:localhost/127.0.0.1:14361]' for 'GET' to 'http://localhost:14361/session/d591255c7d94405325adf632a08053e4/element/f.8A2C0D847A06936E15A85A9D9632B3F8.d.063F752B681789BFC446341305412CCB.e.40/text'
2025-01-23 10:34:34 DEBUG o.a.netty.request.NettyRequestSender - Using open Channel [id: 0x018bd171, L:/127.0.0.1:65391 - R:localhost/127.0.0.1:14361] for GET '/session/d591255c7d94405325adf632a08053e4/element/f.8A2C0D847A06936E15A85A9D9632B3F8.d.063F752B681789BFC446341305412CCB.e.40/text'
2025-01-23 10:34:34 DEBUG o.a.netty.handler.HttpHandler - 

Request DefaultFullHttpRequest(decodeResult: success, version: HTTP/1.1, content: EmptyByteBufBE)
GET /session/d591255c7d94405325adf632a08053e4/element/f.8A2C0D847A06936E15A85A9D9632B3F8.d.063F752B681789BFC446341305412CCB.e.40/text HTTP/1.1
User-Agent: selenium/4.8.0 (java windows)
Cache-Control: no-cache
Content-Type: application/json; charset=utf-8
host: localhost:14361
accept: */*

Response DefaultHttpResponse(decodeResult: success, version: HTTP/1.1)
HTTP/1.1 200 OK
Content-Length: 40
Content-Type: application/json; charset=utf-8
cache-control: no-cache

2025-01-23 10:34:34 DEBUG o.a.netty.channel.ChannelManager - Adding key: http://localhost:14361 for channel [id: 0x018bd171, L:/127.0.0.1:65391 - R:localhost/127.0.0.1:14361]
2025-01-23 10:34:34 DEBUG o.a.netty.request.NettyRequestSender - Using pooled Channel '[id: 0x018bd171, L:/127.0.0.1:65391 - R:localhost/127.0.0.1:14361]' for 'POST' to 'http://localhost:14361/session/d591255c7d94405325adf632a08053e4/execute/sync'
2025-01-23 10:34:34 DEBUG o.a.netty.request.NettyRequestSender - Using open Channel [id: 0x018bd171, L:/127.0.0.1:65391 - R:localhost/127.0.0.1:14361] for POST '/session/d591255c7d94405325adf632a08053e4/execute/sync'
2025-01-23 10:34:34 DEBUG o.a.netty.handler.HttpHandler - 

Request DefaultHttpRequest(decodeResult: success, version: HTTP/1.1)
POST /session/d591255c7d94405325adf632a08053e4/execute/sync HTTP/1.1
User-Agent: selenium/4.8.0 (java windows)
Content-Length: 47402
Content-Type: application/json; charset=utf-8
host: localhost:14361
accept: */*

Response DefaultHttpResponse(decodeResult: success, version: HTTP/1.1)
HTTP/1.1 200 OK
Content-Length: 27
Content-Type: application/json; charset=utf-8
cache-control: no-cache

2025-01-23 10:34:34 DEBUG o.a.netty.channel.ChannelManager - Adding key: http://localhost:14361 for channel [id: 0x018bd171, L:/127.0.0.1:65391 - R:localhost/127.0.0.1:14361]
2025-01-23 10:34:34 DEBUG o.a.netty.request.NettyRequestSender - Using pooled Channel '[id: 0x018bd171, L:/127.0.0.1:65391 - R:localhost/127.0.0.1:14361]' for 'POST' to 'http://localhost:14361/session/d591255c7d94405325adf632a08053e4/execute/sync'
2025-01-23 10:34:34 DEBUG o.a.netty.request.NettyRequestSender - Using open Channel [id: 0x018bd171, L:/127.0.0.1:65391 - R:localhost/127.0.0.1:14361] for POST '/session/d591255c7d94405325adf632a08053e4/execute/sync'
2025-01-23 10:34:34 DEBUG o.a.netty.handler.HttpHandler - 

Request DefaultHttpRequest(decodeResult: success, version: HTTP/1.1)
POST /session/d591255c7d94405325adf632a08053e4/execute/sync HTTP/1.1
User-Agent: selenium/4.8.0 (java windows)
Content-Length: 47402
Content-Type: application/json; charset=utf-8
host: localhost:14361
accept: */*

Response DefaultHttpResponse(decodeResult: success, version: HTTP/1.1)
HTTP/1.1 200 OK
Content-Length: 27
Content-Type: application/json; charset=utf-8
cache-control: no-cache

2025-01-23 10:34:34 DEBUG o.a.netty.channel.ChannelManager - Adding key: http://localhost:14361 for channel [id: 0x018bd171, L:/127.0.0.1:65391 - R:localhost/127.0.0.1:14361]
'You have selected Impressive' message is displayed
2025-01-23 10:34:34 DEBUG o.a.netty.request.NettyRequestSender - Using pooled Channel '[id: 0x018bd171, L:/127.0.0.1:65391 - R:localhost/127.0.0.1:14361]' for 'POST' to 'http://localhost:14361/session/d591255c7d94405325adf632a08053e4/execute/sync'
2025-01-23 10:34:34 DEBUG o.a.netty.request.NettyRequestSender - Using open Channel [id: 0x018bd171, L:/127.0.0.1:65391 - R:localhost/127.0.0.1:14361] for POST '/session/d591255c7d94405325adf632a08053e4/execute/sync'
2025-01-23 10:34:34 DEBUG o.a.netty.handler.HttpHandler - 

Request DefaultHttpRequest(decodeResult: success, version: HTTP/1.1)
POST /session/d591255c7d94405325adf632a08053e4/execute/sync HTTP/1.1
User-Agent: selenium/4.8.0 (java windows)
Content-Length: 296
Content-Type: application/json; charset=utf-8
host: localhost:14361
accept: */*

Response DefaultHttpResponse(decodeResult: success, version: HTTP/1.1)
HTTP/1.1 200 OK
Content-Length: 14
Content-Type: application/json; charset=utf-8
cache-control: no-cache

2025-01-23 10:34:34 DEBUG o.a.netty.channel.ChannelManager - Adding key: http://localhost:14361 for channel [id: 0x018bd171, L:/127.0.0.1:65391 - R:localhost/127.0.0.1:14361]
2025-01-23 10:34:34 DEBUG o.a.netty.request.NettyRequestSender - Using pooled Channel '[id: 0x018bd171, L:/127.0.0.1:65391 - R:localhost/127.0.0.1:14361]' for 'POST' to 'http://localhost:14361/session/d591255c7d94405325adf632a08053e4/actions'
2025-01-23 10:34:34 DEBUG o.a.netty.request.NettyRequestSender - Using open Channel [id: 0x018bd171, L:/127.0.0.1:65391 - R:localhost/127.0.0.1:14361] for POST '/session/d591255c7d94405325adf632a08053e4/actions'
2025-01-23 10:34:34 DEBUG o.a.netty.handler.HttpHandler - 

Request DefaultHttpRequest(decodeResult: success, version: HTTP/1.1)
POST /session/d591255c7d94405325adf632a08053e4/actions HTTP/1.1
User-Agent: selenium/4.8.0 (java windows)
Content-Length: 704
Content-Type: application/json; charset=utf-8
host: localhost:14361
accept: */*

Response DefaultHttpResponse(decodeResult: success, version: HTTP/1.1)
HTTP/1.1 200 OK
Content-Length: 14
Content-Type: application/json; charset=utf-8
cache-control: no-cache

2025-01-23 10:34:34 DEBUG o.a.netty.channel.ChannelManager - Adding key: http://localhost:14361 for channel [id: 0x018bd171, L:/127.0.0.1:65391 - R:localhost/127.0.0.1:14361]
2025-01-23 10:34:34 DEBUG o.a.netty.request.NettyRequestSender - Using pooled Channel '[id: 0x018bd171, L:/127.0.0.1:65391 - R:localhost/127.0.0.1:14361]' for 'POST' to 'http://localhost:14361/session/d591255c7d94405325adf632a08053e4/execute/sync'
2025-01-23 10:34:34 DEBUG o.a.netty.request.NettyRequestSender - Using open Channel [id: 0x018bd171, L:/127.0.0.1:65391 - R:localhost/127.0.0.1:14361] for POST '/session/d591255c7d94405325adf632a08053e4/execute/sync'
2025-01-23 10:34:34 DEBUG o.a.netty.handler.HttpHandler - 

Request DefaultHttpRequest(decodeResult: success, version: HTTP/1.1)
POST /session/d591255c7d94405325adf632a08053e4/execute/sync HTTP/1.1
User-Agent: selenium/4.8.0 (java windows)
Content-Length: 47402
Content-Type: application/json; charset=utf-8
host: localhost:14361
accept: */*

Response DefaultHttpResponse(decodeResult: success, version: HTTP/1.1)
HTTP/1.1 200 OK
Content-Length: 19
Content-Type: application/json; charset=utf-8
cache-control: no-cache

2025-01-23 10:34:34 DEBUG o.a.netty.channel.ChannelManager - Adding key: http://localhost:14361 for channel [id: 0x018bd171, L:/127.0.0.1:65391 - R:localhost/127.0.0.1:14361]
2025-01-23 10:34:34 DEBUG o.a.netty.request.NettyRequestSender - Using pooled Channel '[id: 0x018bd171, L:/127.0.0.1:65391 - R:localhost/127.0.0.1:14361]' for 'POST' to 'http://localhost:14361/session/d591255c7d94405325adf632a08053e4/element'
2025-01-23 10:34:34 DEBUG o.a.netty.request.NettyRequestSender - Using open Channel [id: 0x018bd171, L:/127.0.0.1:65391 - R:localhost/127.0.0.1:14361] for POST '/session/d591255c7d94405325adf632a08053e4/element'
2025-01-23 10:34:34 DEBUG o.a.netty.handler.HttpHandler - 

Request DefaultHttpRequest(decodeResult: success, version: HTTP/1.1)
POST /session/d591255c7d94405325adf632a08053e4/element HTTP/1.1
User-Agent: selenium/4.8.0 (java windows)
Content-Length: 50
Content-Type: application/json; charset=utf-8
host: localhost:14361
accept: */*

Response DefaultHttpResponse(decodeResult: success, version: HTTP/1.1)
HTTP/1.1 200 OK
Content-Length: 126
Content-Type: application/json; charset=utf-8
cache-control: no-cache

2025-01-23 10:34:34 DEBUG o.a.netty.channel.ChannelManager - Adding key: http://localhost:14361 for channel [id: 0x018bd171, L:/127.0.0.1:65391 - R:localhost/127.0.0.1:14361]
2025-01-23 10:34:34 DEBUG o.a.netty.request.NettyRequestSender - Using pooled Channel '[id: 0x018bd171, L:/127.0.0.1:65391 - R:localhost/127.0.0.1:14361]' for 'GET' to 'http://localhost:14361/session/d591255c7d94405325adf632a08053e4/element/f.8A2C0D847A06936E15A85A9D9632B3F8.d.063F752B681789BFC446341305412CCB.e.40/text'
2025-01-23 10:34:34 DEBUG o.a.netty.request.NettyRequestSender - Using open Channel [id: 0x018bd171, L:/127.0.0.1:65391 - R:localhost/127.0.0.1:14361] for GET '/session/d591255c7d94405325adf632a08053e4/element/f.8A2C0D847A06936E15A85A9D9632B3F8.d.063F752B681789BFC446341305412CCB.e.40/text'
2025-01-23 10:34:34 DEBUG o.a.netty.handler.HttpHandler - 

Request DefaultFullHttpRequest(decodeResult: success, version: HTTP/1.1, content: EmptyByteBufBE)
GET /session/d591255c7d94405325adf632a08053e4/element/f.8A2C0D847A06936E15A85A9D9632B3F8.d.063F752B681789BFC446341305412CCB.e.40/text HTTP/1.1
User-Agent: selenium/4.8.0 (java windows)
Cache-Control: no-cache
Content-Type: application/json; charset=utf-8
host: localhost:14361
accept: */*

Response DefaultHttpResponse(decodeResult: success, version: HTTP/1.1)
HTTP/1.1 200 OK
Content-Length: 40
Content-Type: application/json; charset=utf-8
cache-control: no-cache

2025-01-23 10:34:34 DEBUG o.a.netty.channel.ChannelManager - Adding key: http://localhost:14361 for channel [id: 0x018bd171, L:/127.0.0.1:65391 - R:localhost/127.0.0.1:14361]
2025-01-23 10:34:34 DEBUG o.a.netty.request.NettyRequestSender - Using pooled Channel '[id: 0x018bd171, L:/127.0.0.1:65391 - R:localhost/127.0.0.1:14361]' for 'POST' to 'http://localhost:14361/session/d591255c7d94405325adf632a08053e4/execute/sync'
2025-01-23 10:34:34 DEBUG o.a.netty.request.NettyRequestSender - Using open Channel [id: 0x018bd171, L:/127.0.0.1:65391 - R:localhost/127.0.0.1:14361] for POST '/session/d591255c7d94405325adf632a08053e4/execute/sync'
2025-01-23 10:34:34 DEBUG o.a.netty.handler.HttpHandler - 

Request DefaultHttpRequest(decodeResult: success, version: HTTP/1.1)
POST /session/d591255c7d94405325adf632a08053e4/execute/sync HTTP/1.1
User-Agent: selenium/4.8.0 (java windows)
Content-Length: 47402
Content-Type: application/json; charset=utf-8
host: localhost:14361
accept: */*

Response DefaultHttpResponse(decodeResult: success, version: HTTP/1.1)
HTTP/1.1 200 OK
Content-Length: 19
Content-Type: application/json; charset=utf-8
cache-control: no-cache

2025-01-23 10:34:34 DEBUG o.a.netty.channel.ChannelManager - Adding key: http://localhost:14361 for channel [id: 0x018bd171, L:/127.0.0.1:65391 - R:localhost/127.0.0.1:14361]
2025-01-23 10:34:34 DEBUG o.a.netty.request.NettyRequestSender - Using pooled Channel '[id: 0x018bd171, L:/127.0.0.1:65391 - R:localhost/127.0.0.1:14361]' for 'POST' to 'http://localhost:14361/session/d591255c7d94405325adf632a08053e4/execute/sync'
2025-01-23 10:34:34 DEBUG o.a.netty.request.NettyRequestSender - Using open Channel [id: 0x018bd171, L:/127.0.0.1:65391 - R:localhost/127.0.0.1:14361] for POST '/session/d591255c7d94405325adf632a08053e4/execute/sync'
2025-01-23 10:34:34 DEBUG o.a.netty.handler.HttpHandler - 

Request DefaultHttpRequest(decodeResult: success, version: HTTP/1.1)
POST /session/d591255c7d94405325adf632a08053e4/execute/sync HTTP/1.1
User-Agent: selenium/4.8.0 (java windows)
Content-Length: 47402
Content-Type: application/json; charset=utf-8
host: localhost:14361
accept: */*

Response DefaultHttpResponse(decodeResult: success, version: HTTP/1.1)
HTTP/1.1 200 OK
Content-Length: 19
Content-Type: application/json; charset=utf-8
cache-control: no-cache

2025-01-23 10:34:34 DEBUG o.a.netty.channel.ChannelManager - Adding key: http://localhost:14361 for channel [id: 0x018bd171, L:/127.0.0.1:65391 - R:localhost/127.0.0.1:14361]
2025-01-23 10:34:35 DEBUG o.a.netty.channel.DefaultChannelPool - Entry count for : http://localhost:65380 : 1
2025-01-23 10:34:35 DEBUG o.a.netty.channel.DefaultChannelPool - Entry count for : http://localhost:65392 : 1
2025-01-23 10:34:35 DEBUG o.a.netty.channel.DefaultChannelPool - Entry count for : http://localhost:13436 : 1
2025-01-23 10:34:35 DEBUG o.a.netty.channel.DefaultChannelPool - Entry count for : http://localhost:14361 : 1
2025-01-23 10:34:36 DEBUG o.a.netty.channel.DefaultChannelPool - Entry count for : http://localhost:65380 : 1
2025-01-23 10:34:36 DEBUG o.a.netty.channel.DefaultChannelPool - Entry count for : http://localhost:65392 : 1
2025-01-23 10:34:36 DEBUG o.a.netty.channel.DefaultChannelPool - Entry count for : http://localhost:13436 : 1
2025-01-23 10:34:36 DEBUG o.a.netty.channel.DefaultChannelPool - Entry count for : http://localhost:14361 : 1
2025-01-23 10:34:37 DEBUG o.a.netty.channel.DefaultChannelPool - Entry count for : http://localhost:65380 : 1
2025-01-23 10:34:37 DEBUG o.a.netty.channel.DefaultChannelPool - Entry count for : http://localhost:65392 : 1
2025-01-23 10:34:37 DEBUG o.a.netty.channel.DefaultChannelPool - Entry count for : http://localhost:13436 : 1
2025-01-23 10:34:37 DEBUG o.a.netty.channel.DefaultChannelPool - Entry count for : http://localhost:14361 : 1
2025-01-23 10:34:38 DEBUG o.a.netty.channel.DefaultChannelPool - Entry count for : http://localhost:65380 : 1
2025-01-23 10:34:38 DEBUG o.a.netty.channel.DefaultChannelPool - Entry count for : http://localhost:65392 : 1
2025-01-23 10:34:38 DEBUG o.a.netty.channel.DefaultChannelPool - Entry count for : http://localhost:13436 : 1
2025-01-23 10:34:38 DEBUG o.a.netty.channel.DefaultChannelPool - Entry count for : http://localhost:14361 : 1
2025-01-23 10:34:38 DEBUG o.a.netty.request.NettyRequestSender - Using pooled Channel '[id: 0x018bd171, L:/127.0.0.1:65391 - R:localhost/127.0.0.1:14361]' for 'DELETE' to 'http://localhost:14361/session/d591255c7d94405325adf632a08053e4'
2025-01-23 10:34:38 DEBUG o.a.netty.request.NettyRequestSender - Using open Channel [id: 0x018bd171, L:/127.0.0.1:65391 - R:localhost/127.0.0.1:14361] for DELETE '/session/d591255c7d94405325adf632a08053e4'
2025-01-23 10:34:38 DEBUG o.a.netty.handler.WebSocketHandler - Channel Closed: [id: 0x9bf324d5, L:/127.0.0.1:65399 ! R:localhost/127.0.0.1:65392] with attribute DISCARD
2025-01-23 10:34:39 DEBUG o.a.netty.handler.HttpHandler - Unexpected I/O exception on channel [id: 0x794736e5, L:/127.0.0.1:65398 - R:localhost/127.0.0.1:65392]
java.io.IOException: An existing connection was forcibly closed by the remote host
	at java.base/sun.nio.ch.SocketDispatcher.read0(Native Method)
	at java.base/sun.nio.ch.SocketDispatcher.read(SocketDispatcher.java:43)
	at java.base/sun.nio.ch.IOUtil.readIntoNativeBuffer(IOUtil.java:276)
	at java.base/sun.nio.ch.IOUtil.read(IOUtil.java:233)
	at java.base/sun.nio.ch.IOUtil.read(IOUtil.java:223)
	at java.base/sun.nio.ch.SocketChannelImpl.read(SocketChannelImpl.java:358)
	at io.netty.buffer.PooledByteBuf.setBytes(PooledByteBuf.java:259)
	at io.netty.buffer.AbstractByteBuf.writeBytes(AbstractByteBuf.java:1132)
	at io.netty.channel.socket.nio.NioSocketChannel.doReadBytes(NioSocketChannel.java:357)
	at io.netty.channel.nio.AbstractNioByteChannel$NioByteUnsafe.read(AbstractNioByteChannel.java:151)
	at io.netty.channel.nio.NioEventLoop.processSelectedKey(NioEventLoop.java:788)
	at io.netty.channel.nio.NioEventLoop.processSelectedKeysOptimized(NioEventLoop.java:724)
	at io.netty.channel.nio.NioEventLoop.processSelectedKeys(NioEventLoop.java:650)
	at io.netty.channel.nio.NioEventLoop.run(NioEventLoop.java:562)
	at io.netty.util.concurrent.SingleThreadEventExecutor$4.run(SingleThreadEventExecutor.java:997)
	at io.netty.util.internal.ThreadExecutorMap$2.run(ThreadExecutorMap.java:74)
	at io.netty.util.concurrent.FastThreadLocalRunnable.run(FastThreadLocalRunnable.java:30)
	at java.base/java.lang.Thread.run(Thread.java:834)
2025-01-23 10:34:39 DEBUG o.a.netty.channel.ChannelManager - Closing Channel [id: 0x794736e5, L:/127.0.0.1:65398 - R:localhost/127.0.0.1:65392] 
2025-01-23 10:34:39 DEBUG o.a.netty.handler.HttpHandler - Channel Closed: [id: 0x794736e5, L:/127.0.0.1:65398 ! R:localhost/127.0.0.1:65392] with attribute DISCARD
2025-01-23 10:34:39 DEBUG o.a.netty.handler.HttpHandler - 

Request DefaultFullHttpRequest(decodeResult: success, version: HTTP/1.1, content: EmptyByteBufBE)
DELETE /session/d591255c7d94405325adf632a08053e4 HTTP/1.1
User-Agent: selenium/4.8.0 (java windows)
Content-Type: application/json; charset=utf-8
host: localhost:14361
accept: */*

Response DefaultHttpResponse(decodeResult: success, version: HTTP/1.1)
HTTP/1.1 200 OK
Content-Length: 14
Content-Type: application/json; charset=utf-8
cache-control: no-cache

2025-01-23 10:34:39 DEBUG o.a.netty.channel.ChannelManager - Adding key: http://localhost:14361 for channel [id: 0x018bd171, L:/127.0.0.1:65391 - R:localhost/127.0.0.1:14361]
2025-01-23 10:34:39 DEBUG o.a.netty.handler.HttpHandler - Channel Closed: [id: 0x018bd171, L:/127.0.0.1:65391 ! R:localhost/127.0.0.1:14361] with attribute DISCARD
]]></system-out>
    <system-err><![CDATA[SLF4J(I): Connected with provider of type [ch.qos.logback.classic.spi.LogbackServiceProvider]
Starting ChromeDriver 132.0.6834.83 (03d59cf5ecf1d8444838ff9a1e96231304d4ff9c-refs/branch-heads/6834@{#3390}) on port 13436
Only local connections are allowed.
Please see https://chromedriver.chromium.org/security-considerations for suggestions on keeping ChromeDriver safe.
ChromeDriver was started successfully on port 13436.
Jan 23, 2025 10:34:31 AM org.openqa.selenium.devtools.CdpVersionFinder findNearestMatch
WARNING: Unable to find CDP implementation matching 132
Jan 23, 2025 10:34:31 AM org.openqa.selenium.chromium.ChromiumDriver lambda$new$3
WARNING: Unable to find version of CDP to use for . You may need to include a dependency on a specific version of the CDP using something similar to `org.seleniumhq.selenium:selenium-devtools-v86:4.8.0` where the version ("v86") matches the version of the chromium-based browser you're using and the version number of the artifact is the same as Selenium's.
Starting ChromeDriver 132.0.6834.83 (03d59cf5ecf1d8444838ff9a1e96231304d4ff9c-refs/branch-heads/6834@{#3390}) on port 14361
Only local connections are allowed.
Please see https://chromedriver.chromium.org/security-considerations for suggestions on keeping ChromeDriver safe.
ChromeDriver was started successfully on port 14361.
Jan 23, 2025 10:34:32 AM org.openqa.selenium.devtools.CdpVersionFinder findNearestMatch
WARNING: Unable to find CDP implementation matching 132
Jan 23, 2025 10:34:32 AM org.openqa.selenium.chromium.ChromiumDriver lambda$new$3
WARNING: Unable to find version of CDP to use for . You may need to include a dependency on a specific version of the CDP using something similar to `org.seleniumhq.selenium:selenium-devtools-v86:4.8.0` where the version ("v86") matches the version of the chromium-based browser you're using and the version number of the artifact is the same as Selenium's.
]]></system-err>
  </testcase>
  <testcase name="deleteRecordFromWebTable" classname="com.test.classes.TestElements" time="5.346">
    <system-out><![CDATA[2025-01-23 10:34:39 DEBUG i.g.bonigarcia.wdm.WebDriverManager - Using WebDriverManager 5.9.2
2025-01-23 10:34:39 DEBUG i.g.b.wdm.cache.ResolutionCache - Resolution chrome=132 in cache (valid until 11:34:29 23/01/2025 CET)
2025-01-23 10:34:39 DEBUG i.g.b.wdm.cache.ResolutionCache - Resolution chrome132=132.0.6834.83 in cache (valid until 10:35:46 23/01/2025 CET)
2025-01-23 10:34:39 INFO  i.g.bonigarcia.wdm.WebDriverManager - Using chromedriver 132.0.6834.83 (resolved driver for Chrome 132)
2025-01-23 10:34:39 DEBUG i.g.bonigarcia.wdm.WebDriverManager - Driver chromedriver 132.0.6834.83 found in cache
2025-01-23 10:34:39 INFO  i.g.bonigarcia.wdm.WebDriverManager - Exporting webdriver.chrome.driver as C:\Users\gabor.szabo\.cache\selenium\chromedriver\win64\132.0.6834.83\chromedriver.exe
2025-01-23 10:34:39 DEBUG o.a.n.channel.NettyConnectListener - Using new Channel '[id: 0x509cb630, L:/127.0.0.1:65453 - R:localhost/127.0.0.1:8723]' for 'POST' to '/session'
2025-01-23 10:34:39 DEBUG o.a.netty.channel.DefaultChannelPool - Entry count for : http://localhost:65380 : 1
2025-01-23 10:34:39 DEBUG o.a.netty.channel.DefaultChannelPool - Entry count for : http://localhost:65392 : 1
2025-01-23 10:34:39 DEBUG o.a.netty.channel.DefaultChannelPool - Entry count for : http://localhost:13436 : 1
2025-01-23 10:34:39 DEBUG o.a.netty.channel.DefaultChannelPool - Entry count for : http://localhost:14361 : 1
2025-01-23 10:34:39 DEBUG o.a.netty.channel.DefaultChannelPool - Adding Candidate expired Channel [id: 0x794736e5, L:/127.0.0.1:65398 ! R:localhost/127.0.0.1:65392] isIdleTimeoutExpired=false isRemotelyClosed=true isTtlExpired=false
2025-01-23 10:34:39 DEBUG o.a.netty.channel.DefaultChannelPool - Closing Idle Channel [id: 0x794736e5, L:/127.0.0.1:65398 ! R:localhost/127.0.0.1:65392]
2025-01-23 10:34:39 DEBUG o.a.netty.channel.DefaultChannelPool - Adding Candidate expired Channel [id: 0x018bd171, L:/127.0.0.1:65391 ! R:localhost/127.0.0.1:14361] isIdleTimeoutExpired=false isRemotelyClosed=true isTtlExpired=false
2025-01-23 10:34:39 DEBUG o.a.netty.channel.DefaultChannelPool - Closing Idle Channel [id: 0x018bd171, L:/127.0.0.1:65391 ! R:localhost/127.0.0.1:14361]
2025-01-23 10:34:39 DEBUG o.a.netty.channel.DefaultChannelPool - Closed 2 connections out of 4 in 2 ms
2025-01-23 10:34:39 DEBUG o.a.netty.handler.HttpHandler - 

Request DefaultHttpRequest(decodeResult: success, version: HTTP/1.1)
POST /session HTTP/1.1
User-Agent: selenium/4.8.0 (java windows)
Content-Length: 501
Content-Type: application/json; charset=utf-8
host: localhost:8723
accept: */*

Response DefaultHttpResponse(decodeResult: success, version: HTTP/1.1)
HTTP/1.1 200 OK
Content-Length: 888
Content-Type: application/json; charset=utf-8
cache-control: no-cache

2025-01-23 10:34:39 DEBUG o.a.netty.channel.ChannelManager - Adding key: http://localhost:8723 for channel [id: 0x509cb630, L:/127.0.0.1:65453 - R:localhost/127.0.0.1:8723]
2025-01-23 10:34:39 DEBUG o.a.n.channel.NettyConnectListener - Using new Channel '[id: 0x336e8f9b, L:/127.0.0.1:65461 - R:localhost/127.0.0.1:65454]' for 'GET' to '/json/version'
2025-01-23 10:34:39 DEBUG o.a.netty.handler.HttpHandler - 

Request DefaultFullHttpRequest(decodeResult: success, version: HTTP/1.1, content: EmptyByteBufBE)
GET /json/version HTTP/1.1
User-Agent: selenium/4.8.0 (java windows)
host: localhost:65454
accept: */*

Response DefaultHttpResponse(decodeResult: success, version: HTTP/1.1)
HTTP/1.1 200 OK
Content-Security-Policy: frame-ancestors 'none'
Content-Length: 423
Content-Type: application/json; charset=UTF-8

2025-01-23 10:34:39 DEBUG o.a.netty.channel.ChannelManager - Adding key: http://localhost:65454 for channel [id: 0x336e8f9b, L:/127.0.0.1:65461 - R:localhost/127.0.0.1:65454]
2025-01-23 10:34:39 DEBUG o.a.n.channel.NettyConnectListener - Using new Channel '[id: 0x5cb016c7, L:/127.0.0.1:65462 - R:localhost/127.0.0.1:65454]' for 'GET' to '/devtools/browser/fb13b3a2-6f2d-4c65-9ae2-a146e9765dce'
2025-01-23 10:34:39 DEBUG o.a.netty.handler.WebSocketHandler - 

Request DefaultFullHttpRequest(decodeResult: success, version: HTTP/1.1, content: EmptyByteBufBE)
GET /devtools/browser/fb13b3a2-6f2d-4c65-9ae2-a146e9765dce HTTP/1.1
upgrade: websocket
connection: upgrade
sec-websocket-key: rMbtaV/FM9CB+sTlGh1b4Q==
sec-websocket-version: 13
origin: http://localhost:65454
host: localhost:65454
accept: */*
user-agent: AHC/2.1

Response DefaultHttpResponse(decodeResult: success, version: HTTP/1.1)
HTTP/1.1 101 WebSocket Protocol Handshake
Upgrade: WebSocket
Connection: Upgrade
Sec-WebSocket-Accept: 2dfJkNT4ffZbtOPK5f/VFTTbZXs=

setupTest() method is running
2025-01-23 10:34:39 DEBUG i.g.bonigarcia.wdm.WebDriverManager - Using WebDriverManager 5.9.2
2025-01-23 10:34:39 DEBUG i.g.b.wdm.cache.ResolutionCache - Resolution chrome=132 in cache (valid until 11:34:29 23/01/2025 CET)
2025-01-23 10:34:39 DEBUG i.g.b.wdm.cache.ResolutionCache - Resolution chrome132=132.0.6834.83 in cache (valid until 10:35:46 23/01/2025 CET)
2025-01-23 10:34:39 INFO  i.g.bonigarcia.wdm.WebDriverManager - Using chromedriver 132.0.6834.83 (resolved driver for Chrome 132)
2025-01-23 10:34:39 DEBUG i.g.bonigarcia.wdm.WebDriverManager - Driver chromedriver 132.0.6834.83 found in cache
2025-01-23 10:34:40 INFO  i.g.bonigarcia.wdm.WebDriverManager - Exporting webdriver.chrome.driver as C:\Users\gabor.szabo\.cache\selenium\chromedriver\win64\132.0.6834.83\chromedriver.exe
2025-01-23 10:34:40 DEBUG o.a.n.channel.NettyConnectListener - Using new Channel '[id: 0xc1d49604, L:/127.0.0.1:65464 - R:localhost/127.0.0.1:14394]' for 'POST' to '/session'
2025-01-23 10:34:40 DEBUG o.a.netty.handler.HttpHandler - 

Request DefaultHttpRequest(decodeResult: success, version: HTTP/1.1)
POST /session HTTP/1.1
User-Agent: selenium/4.8.0 (java windows)
Content-Length: 501
Content-Type: application/json; charset=utf-8
host: localhost:14394
accept: */*

Response DefaultHttpResponse(decodeResult: success, version: HTTP/1.1)
HTTP/1.1 200 OK
Content-Length: 888
Content-Type: application/json; charset=utf-8
cache-control: no-cache

2025-01-23 10:34:40 DEBUG o.a.netty.channel.ChannelManager - Adding key: http://localhost:14394 for channel [id: 0xc1d49604, L:/127.0.0.1:65464 - R:localhost/127.0.0.1:14394]
2025-01-23 10:34:40 DEBUG o.a.n.channel.NettyConnectListener - Using new Channel '[id: 0xc1243783, L:/127.0.0.1:65472 - R:localhost/127.0.0.1:65466]' for 'GET' to '/json/version'
2025-01-23 10:34:40 DEBUG o.a.netty.handler.HttpHandler - 

Request DefaultFullHttpRequest(decodeResult: success, version: HTTP/1.1, content: EmptyByteBufBE)
GET /json/version HTTP/1.1
User-Agent: selenium/4.8.0 (java windows)
host: localhost:65466
accept: */*

Response DefaultHttpResponse(decodeResult: success, version: HTTP/1.1)
HTTP/1.1 200 OK
Content-Security-Policy: frame-ancestors 'none'
Content-Length: 423
Content-Type: application/json; charset=UTF-8

2025-01-23 10:34:40 DEBUG o.a.netty.channel.ChannelManager - Adding key: http://localhost:65466 for channel [id: 0xc1243783, L:/127.0.0.1:65472 - R:localhost/127.0.0.1:65466]
2025-01-23 10:34:40 DEBUG o.a.n.channel.NettyConnectListener - Using new Channel '[id: 0xf8718b59, L:/127.0.0.1:65473 - R:localhost/127.0.0.1:65466]' for 'GET' to '/devtools/browser/a881b5ce-cb6e-4285-846e-96052e471887'
2025-01-23 10:34:40 DEBUG o.a.netty.handler.WebSocketHandler - 

Request DefaultFullHttpRequest(decodeResult: success, version: HTTP/1.1, content: EmptyByteBufBE)
GET /devtools/browser/a881b5ce-cb6e-4285-846e-96052e471887 HTTP/1.1
upgrade: websocket
connection: upgrade
sec-websocket-key: 9UUBI+oNCDrUzryh2wLjfw==
sec-websocket-version: 13
origin: http://localhost:65466
host: localhost:65466
accept: */*
user-agent: AHC/2.1

Response DefaultHttpResponse(decodeResult: success, version: HTTP/1.1)
HTTP/1.1 101 WebSocket Protocol Handshake
Upgrade: WebSocket
Connection: Upgrade
Sec-WebSocket-Accept: 0nXjjjosXN1B8vJT7gVwRdDkDE4=

setupTest() method is running
2025-01-23 10:34:40 DEBUG o.a.netty.request.NettyRequestSender - Using pooled Channel '[id: 0xc1d49604, L:/127.0.0.1:65464 - R:localhost/127.0.0.1:14394]' for 'POST' to 'http://localhost:14394/session/3139dcfeb14ca935e0995c9a3fdb019a/url'
2025-01-23 10:34:40 DEBUG o.a.netty.request.NettyRequestSender - Using open Channel [id: 0xc1d49604, L:/127.0.0.1:65464 - R:localhost/127.0.0.1:14394] for POST '/session/3139dcfeb14ca935e0995c9a3fdb019a/url'
2025-01-23 10:34:40 DEBUG o.a.netty.channel.DefaultChannelPool - Entry count for : http://localhost:65380 : 1
2025-01-23 10:34:40 DEBUG o.a.netty.channel.DefaultChannelPool - Entry count for : http://localhost:8723 : 1
2025-01-23 10:34:40 DEBUG o.a.netty.channel.DefaultChannelPool - Entry count for : http://localhost:13436 : 1
2025-01-23 10:34:40 DEBUG o.a.netty.channel.DefaultChannelPool - Entry count for : http://localhost:65454 : 1
2025-01-23 10:34:40 DEBUG o.a.netty.channel.DefaultChannelPool - Entry count for : http://localhost:65466 : 1
2025-01-23 10:34:42 DEBUG o.a.netty.handler.HttpHandler - 

Request DefaultHttpRequest(decodeResult: success, version: HTTP/1.1)
POST /session/3139dcfeb14ca935e0995c9a3fdb019a/url HTTP/1.1
User-Agent: selenium/4.8.0 (java windows)
Content-Length: 58
Content-Type: application/json; charset=utf-8
host: localhost:14394
accept: */*

Response DefaultHttpResponse(decodeResult: success, version: HTTP/1.1)
HTTP/1.1 200 OK
Content-Length: 14
Content-Type: application/json; charset=utf-8
cache-control: no-cache

2025-01-23 10:34:42 DEBUG o.a.netty.channel.ChannelManager - Adding key: http://localhost:14394 for channel [id: 0xc1d49604, L:/127.0.0.1:65464 - R:localhost/127.0.0.1:14394]
2025-01-23 10:34:42 DEBUG o.a.netty.request.NettyRequestSender - Using pooled Channel '[id: 0xc1d49604, L:/127.0.0.1:65464 - R:localhost/127.0.0.1:14394]' for 'POST' to 'http://localhost:14394/session/3139dcfeb14ca935e0995c9a3fdb019a/element'
2025-01-23 10:34:42 DEBUG o.a.netty.request.NettyRequestSender - Using open Channel [id: 0xc1d49604, L:/127.0.0.1:65464 - R:localhost/127.0.0.1:14394] for POST '/session/3139dcfeb14ca935e0995c9a3fdb019a/element'
2025-01-23 10:34:42 DEBUG o.a.netty.channel.DefaultChannelPool - Entry count for : http://localhost:65380 : 1
2025-01-23 10:34:42 DEBUG o.a.netty.channel.DefaultChannelPool - Entry count for : http://localhost:8723 : 1
2025-01-23 10:34:42 DEBUG o.a.netty.channel.DefaultChannelPool - Entry count for : http://localhost:13436 : 1
2025-01-23 10:34:42 DEBUG o.a.netty.channel.DefaultChannelPool - Entry count for : http://localhost:65454 : 1
2025-01-23 10:34:42 DEBUG o.a.netty.channel.DefaultChannelPool - Entry count for : http://localhost:65466 : 1
[...]
2025-01-23 10:35:22 DEBUG o.a.netty.channel.DefaultChannelPool - Entry count for : http://localhost:4899 : 1
2025-01-23 10:35:22 DEBUG o.a.netty.channel.DefaultChannelPool - Entry count for : http://localhost:49718 : 1
2025-01-23 10:35:22 DEBUG o.a.netty.channel.DefaultChannelPool - Entry count for : http://localhost:40908 : 1
2025-01-23 10:35:22 DEBUG o.a.netty.channel.DefaultChannelPool - Entry count for : http://localhost:25338 : 1
2025-01-23 10:35:22 DEBUG o.a.netty.channel.DefaultChannelPool - Entry count for : http://localhost:65454 : 1
2025-01-23 10:35:22 DEBUG o.a.netty.channel.DefaultChannelPool - Entry count for : http://localhost:49702 : 1
2025-01-23 10:35:22 DEBUG o.a.netty.channel.DefaultChannelPool - Entry count for : http://localhost:49325 : 1
2025-01-23 10:35:22 DEBUG o.a.netty.channel.DefaultChannelPool - Entry count for : http://localhost:1816 : 1
2025-01-23 10:35:22 DEBUG o.a.netty.channel.DefaultChannelPool - Entry count for : http://localhost:49788 : 1
2025-01-23 10:35:22 DEBUG o.a.netty.channel.DefaultChannelPool - Adding Candidate expired Channel [id: 0xb1b023b3, L:/127.0.0.1:49726 ! R:localhost/127.0.0.1:49718] isIdleTimeoutExpired=false isRemotelyClosed=true isTtlExpired=false
2025-01-23 10:35:22 DEBUG o.a.netty.channel.DefaultChannelPool - Closing Idle Channel [id: 0xb1b023b3, L:/127.0.0.1:49726 ! R:localhost/127.0.0.1:49718]
2025-01-23 10:35:22 DEBUG o.a.netty.channel.DefaultChannelPool - Adding Candidate expired Channel [id: 0xa3db13d8, L:/127.0.0.1:49716 ! R:localhost/127.0.0.1:40908] isIdleTimeoutExpired=false isRemotelyClosed=true isTtlExpired=false
2025-01-23 10:35:22 DEBUG o.a.netty.channel.DefaultChannelPool - Closing Idle Channel [id: 0xa3db13d8, L:/127.0.0.1:49716 ! R:localhost/127.0.0.1:40908]
2025-01-23 10:35:22 DEBUG o.a.netty.channel.DefaultChannelPool - Closed 2 connections out of 20 in 0 ms
2025-01-23 10:35:22 DEBUG i.g.bonigarcia.wdm.WebDriverManager - Driver chromedriver 132.0.6834.83 found in cache
2025-01-23 10:35:22 INFO  i.g.bonigarcia.wdm.WebDriverManager - Exporting webdriver.chrome.driver as C:\Users\gabor.szabo\.cache\selenium\chromedriver\win64\132.0.6834.83\chromedriver.exe
2025-01-23 10:35:22 DEBUG o.a.n.channel.NettyConnectListener - Using new Channel '[id: 0x551dbce6, L:/127.0.0.1:49798 - R:localhost/127.0.0.1:17388]' for 'POST' to '/session'
2025-01-23 10:35:23 DEBUG o.a.netty.handler.HttpHandler - 

Request DefaultHttpRequest(decodeResult: success, version: HTTP/1.1)
POST /session HTTP/1.1
User-Agent: selenium/4.8.0 (java windows)
Content-Length: 501
Content-Type: application/json; charset=utf-8
host: localhost:17388
accept: */*

Response DefaultHttpResponse(decodeResult: success, version: HTTP/1.1)
HTTP/1.1 200 OK
Content-Length: 888
Content-Type: application/json; charset=utf-8
cache-control: no-cache

2025-01-23 10:35:23 DEBUG o.a.netty.channel.ChannelManager - Adding key: http://localhost:17388 for channel [id: 0x551dbce6, L:/127.0.0.1:49798 - R:localhost/127.0.0.1:17388]
2025-01-23 10:35:23 DEBUG o.a.n.channel.NettyConnectListener - Using new Channel '[id: 0xc8ac2bf1, L:/127.0.0.1:49806 - R:localhost/127.0.0.1:49800]' for 'GET' to '/json/version'
2025-01-23 10:35:23 DEBUG o.a.netty.handler.HttpHandler - 

Request DefaultFullHttpRequest(decodeResult: success, version: HTTP/1.1, content: EmptyByteBufBE)
GET /json/version HTTP/1.1
User-Agent: selenium/4.8.0 (java windows)
host: localhost:49800
accept: */*

Response DefaultHttpResponse(decodeResult: success, version: HTTP/1.1)
HTTP/1.1 200 OK
Content-Security-Policy: frame-ancestors 'none'
Content-Length: 423
Content-Type: application/json; charset=UTF-8

2025-01-23 10:35:23 DEBUG o.a.netty.channel.ChannelManager - Adding key: http://localhost:49800 for channel [id: 0xc8ac2bf1, L:/127.0.0.1:49806 - R:localhost/127.0.0.1:49800]
2025-01-23 10:35:23 DEBUG o.a.n.channel.NettyConnectListener - Using new Channel '[id: 0x35c62abe, L:/127.0.0.1:49807 - R:localhost/127.0.0.1:49800]' for 'GET' to '/devtools/browser/5f05f09b-d4a0-48ca-9768-9bc2a57f2b57'
2025-01-23 10:35:23 DEBUG o.a.netty.handler.WebSocketHandler - 

Request DefaultFullHttpRequest(decodeResult: success, version: HTTP/1.1, content: EmptyByteBufBE)
GET /devtools/browser/5f05f09b-d4a0-48ca-9768-9bc2a57f2b57 HTTP/1.1
upgrade: websocket
connection: upgrade
sec-websocket-key: AJUVAm1He+1EuLXu+ZiChw==
sec-websocket-version: 13
origin: http://localhost:49800
host: localhost:49800
accept: */*
user-agent: AHC/2.1

Response DefaultHttpResponse(decodeResult: success, version: HTTP/1.1)
HTTP/1.1 101 WebSocket Protocol Handshake
Upgrade: WebSocket
Connection: Upgrade
Sec-WebSocket-Accept: klIZmNHSGhV4+BU2oeUYqIEuKMs=

setupTest() method is running
2025-01-23 10:35:23 DEBUG o.a.netty.request.NettyRequestSender - Using pooled Channel '[id: 0x551dbce6, L:/127.0.0.1:49798 - R:localhost/127.0.0.1:17388]' for 'POST' to 'http://localhost:17388/session/719de26ad7b79358e44cb2d78fdba3eb/url'
2025-01-23 10:35:23 DEBUG o.a.netty.request.NettyRequestSender - Using open Channel [id: 0x551dbce6, L:/127.0.0.1:49798 - R:localhost/127.0.0.1:17388] for POST '/session/719de26ad7b79358e44cb2d78fdba3eb/url'
2025-01-23 10:35:23 DEBUG o.a.netty.channel.DefaultChannelPool - Entry count for : http://localhost:34890 : 1
2025-01-23 10:35:23 DEBUG o.a.netty.channel.DefaultChannelPool - Entry count for : http://localhost:65517 : 1
2025-01-23 10:35:23 DEBUG o.a.netty.channel.DefaultChannelPool - Entry count for : http://localhost:8723 : 1
2025-01-23 10:35:23 DEBUG o.a.netty.channel.DefaultChannelPool - Entry count for : http://localhost:13436 : 1
2025-01-23 10:35:23 DEBUG o.a.netty.channel.DefaultChannelPool - Entry count for : http://localhost:37186 : 1
2025-01-23 10:35:23 DEBUG o.a.netty.channel.DefaultChannelPool - Entry count for : http://localhost:49255 : 1
2025-01-23 10:35:23 DEBUG o.a.netty.channel.DefaultChannelPool - Entry count for : http://localhost:65380 : 1
2025-01-23 10:35:23 DEBUG o.a.netty.channel.DefaultChannelPool - Entry count for : http://localhost:49374 : 1
2025-01-23 10:35:23 DEBUG o.a.netty.channel.DefaultChannelPool - Entry count for : http://localhost:36849 : 1
2025-01-23 10:35:23 DEBUG o.a.netty.channel.DefaultChannelPool - Entry count for : http://localhost:49197 : 1
2025-01-23 10:35:23 DEBUG o.a.netty.channel.DefaultChannelPool - Entry count for : http://localhost:28894 : 1
2025-01-23 10:35:23 DEBUG o.a.netty.channel.DefaultChannelPool - Entry count for : http://localhost:4899 : 1
2025-01-23 10:35:23 DEBUG o.a.netty.channel.DefaultChannelPool - Entry count for : http://localhost:25338 : 1
2025-01-23 10:35:23 DEBUG o.a.netty.channel.DefaultChannelPool - Entry count for : http://localhost:65454 : 1
2025-01-23 10:35:23 DEBUG o.a.netty.channel.DefaultChannelPool - Entry count for : http://localhost:49800 : 1
2025-01-23 10:35:23 DEBUG o.a.netty.channel.DefaultChannelPool - Entry count for : http://localhost:49702 : 1
2025-01-23 10:35:23 DEBUG o.a.netty.channel.DefaultChannelPool - Entry count for : http://localhost:49325 : 1
2025-01-23 10:35:23 DEBUG o.a.netty.channel.DefaultChannelPool - Entry count for : http://localhost:1816 : 1
2025-01-23 10:35:23 DEBUG o.a.netty.channel.DefaultChannelPool - Entry count for : http://localhost:49788 : 1
2025-01-23 10:35:24 DEBUG o.a.netty.handler.HttpHandler - 

Request DefaultHttpRequest(decodeResult: success, version: HTTP/1.1)
POST /session/719de26ad7b79358e44cb2d78fdba3eb/url HTTP/1.1
User-Agent: selenium/4.8.0 (java windows)
Content-Length: 58
Content-Type: application/json; charset=utf-8
host: localhost:17388
accept: */*

Response DefaultHttpResponse(decodeResult: success, version: HTTP/1.1)
HTTP/1.1 200 OK
Content-Length: 14
Content-Type: application/json; charset=utf-8
cache-control: no-cache

2025-01-23 10:35:24 DEBUG o.a.netty.channel.ChannelManager - Adding key: http://localhost:17388 for channel [id: 0x551dbce6, L:/127.0.0.1:49798 - R:localhost/127.0.0.1:17388]
2025-01-23 10:35:24 DEBUG o.a.netty.request.NettyRequestSender - Using pooled Channel '[id: 0x551dbce6, L:/127.0.0.1:49798 - R:localhost/127.0.0.1:17388]' for 'POST' to 'http://localhost:17388/session/719de26ad7b79358e44cb2d78fdba3eb/element'
2025-01-23 10:35:24 DEBUG o.a.netty.request.NettyRequestSender - Using open Channel [id: 0x551dbce6, L:/127.0.0.1:49798 - R:localhost/127.0.0.1:17388] for POST '/session/719de26ad7b79358e44cb2d78fdba3eb/element'
2025-01-23 10:35:24 DEBUG o.a.netty.handler.HttpHandler - 

Request DefaultHttpRequest(decodeResult: success, version: HTTP/1.1)
POST /session/719de26ad7b79358e44cb2d78fdba3eb/element HTTP/1.1
User-Agent: selenium/4.8.0 (java windows)
Content-Length: 58
Content-Type: application/json; charset=utf-8
host: localhost:17388
accept: */*

Response DefaultHttpResponse(decodeResult: success, version: HTTP/1.1)
HTTP/1.1 200 OK
Content-Length: 126
Content-Type: application/json; charset=utf-8
cache-control: no-cache

2025-01-23 10:35:24 DEBUG o.a.netty.channel.ChannelManager - Adding key: http://localhost:17388 for channel [id: 0x551dbce6, L:/127.0.0.1:49798 - R:localhost/127.0.0.1:17388]
2025-01-23 10:35:24 DEBUG o.a.netty.request.NettyRequestSender - Using pooled Channel '[id: 0x551dbce6, L:/127.0.0.1:49798 - R:localhost/127.0.0.1:17388]' for 'POST' to 'http://localhost:17388/session/719de26ad7b79358e44cb2d78fdba3eb/execute/sync'
2025-01-23 10:35:24 DEBUG o.a.netty.request.NettyRequestSender - Using open Channel [id: 0x551dbce6, L:/127.0.0.1:49798 - R:localhost/127.0.0.1:17388] for POST '/session/719de26ad7b79358e44cb2d78fdba3eb/execute/sync'
2025-01-23 10:35:24 DEBUG o.a.netty.handler.HttpHandler - 

Request DefaultHttpRequest(decodeResult: success, version: HTTP/1.1)
POST /session/719de26ad7b79358e44cb2d78fdba3eb/execute/sync HTTP/1.1
User-Agent: selenium/4.8.0 (java windows)
Content-Length: 298
Content-Type: application/json; charset=utf-8
host: localhost:17388
accept: */*

Response DefaultHttpResponse(decodeResult: success, version: HTTP/1.1)
HTTP/1.1 200 OK
Content-Length: 14
Content-Type: application/json; charset=utf-8
cache-control: no-cache

2025-01-23 10:35:24 DEBUG o.a.netty.channel.ChannelManager - Adding key: http://localhost:17388 for channel [id: 0x551dbce6, L:/127.0.0.1:49798 - R:localhost/127.0.0.1:17388]
2025-01-23 10:35:24 DEBUG o.a.netty.request.NettyRequestSender - Using pooled Channel '[id: 0x551dbce6, L:/127.0.0.1:49798 - R:localhost/127.0.0.1:17388]' for 'POST' to 'http://localhost:17388/session/719de26ad7b79358e44cb2d78fdba3eb/actions'
2025-01-23 10:35:24 DEBUG o.a.netty.request.NettyRequestSender - Using open Channel [id: 0x551dbce6, L:/127.0.0.1:49798 - R:localhost/127.0.0.1:17388] for POST '/session/719de26ad7b79358e44cb2d78fdba3eb/actions'
2025-01-23 10:35:24 DEBUG o.a.netty.channel.DefaultChannelPool - Entry count for : http://localhost:34890 : 1
2025-01-23 10:35:24 DEBUG o.a.netty.channel.DefaultChannelPool - Entry count for : http://localhost:65517 : 1
2025-01-23 10:35:24 DEBUG o.a.netty.channel.DefaultChannelPool - Entry count for : http://localhost:8723 : 1
2025-01-23 10:35:24 DEBUG o.a.netty.channel.DefaultChannelPool - Entry count for : http://localhost:13436 : 1
2025-01-23 10:35:24 DEBUG o.a.netty.channel.DefaultChannelPool - Entry count for : http://localhost:37186 : 1
2025-01-23 10:35:24 DEBUG o.a.netty.channel.DefaultChannelPool - Entry count for : http://localhost:49255 : 1
2025-01-23 10:35:24 DEBUG o.a.netty.channel.DefaultChannelPool - Entry count for : http://localhost:65380 : 1
2025-01-23 10:35:24 DEBUG o.a.netty.channel.DefaultChannelPool - Entry count for : http://localhost:49374 : 1
2025-01-23 10:35:24 DEBUG o.a.netty.channel.DefaultChannelPool - Entry count for : http://localhost:36849 : 1
2025-01-23 10:35:24 DEBUG o.a.netty.channel.DefaultChannelPool - Entry count for : http://localhost:49197 : 1
2025-01-23 10:35:24 DEBUG o.a.netty.channel.DefaultChannelPool - Entry count for : http://localhost:28894 : 1
2025-01-23 10:35:24 DEBUG o.a.netty.channel.DefaultChannelPool - Entry count for : http://localhost:4899 : 1
2025-01-23 10:35:24 DEBUG o.a.netty.channel.DefaultChannelPool - Entry count for : http://localhost:25338 : 1
2025-01-23 10:35:24 DEBUG o.a.netty.channel.DefaultChannelPool - Entry count for : http://localhost:65454 : 1
2025-01-23 10:35:24 DEBUG o.a.netty.channel.DefaultChannelPool - Entry count for : http://localhost:49800 : 1
2025-01-23 10:35:24 DEBUG o.a.netty.channel.DefaultChannelPool - Entry count for : http://localhost:49702 : 1
2025-01-23 10:35:24 DEBUG o.a.netty.channel.DefaultChannelPool - Entry count for : http://localhost:49325 : 1
2025-01-23 10:35:24 DEBUG o.a.netty.channel.DefaultChannelPool - Entry count for : http://localhost:1816 : 1
2025-01-23 10:35:24 DEBUG o.a.netty.channel.DefaultChannelPool - Entry count for : http://localhost:49788 : 1
2025-01-23 10:35:25 DEBUG o.a.netty.handler.HttpHandler - 

Request DefaultHttpRequest(decodeResult: success, version: HTTP/1.1)
POST /session/719de26ad7b79358e44cb2d78fdba3eb/actions HTTP/1.1
User-Agent: selenium/4.8.0 (java windows)
Content-Length: 706
Content-Type: application/json; charset=utf-8
host: localhost:17388
accept: */*

Response DefaultHttpResponse(decodeResult: success, version: HTTP/1.1)
HTTP/1.1 200 OK
Content-Length: 14
Content-Type: application/json; charset=utf-8
cache-control: no-cache

2025-01-23 10:35:25 DEBUG o.a.netty.channel.ChannelManager - Adding key: http://localhost:17388 for channel [id: 0x551dbce6, L:/127.0.0.1:49798 - R:localhost/127.0.0.1:17388]
User clicked on the 'Edit' button.
2025-01-23 10:35:25 DEBUG o.a.netty.request.NettyRequestSender - Using pooled Channel '[id: 0x551dbce6, L:/127.0.0.1:49798 - R:localhost/127.0.0.1:17388]' for 'POST' to 'http://localhost:17388/session/719de26ad7b79358e44cb2d78fdba3eb/element'
2025-01-23 10:35:25 DEBUG o.a.netty.request.NettyRequestSender - Using open Channel [id: 0x551dbce6, L:/127.0.0.1:49798 - R:localhost/127.0.0.1:17388] for POST '/session/719de26ad7b79358e44cb2d78fdba3eb/element'
2025-01-23 10:35:25 DEBUG o.a.netty.handler.HttpHandler - 

Request DefaultHttpRequest(decodeResult: success, version: HTTP/1.1)
POST /session/719de26ad7b79358e44cb2d78fdba3eb/element HTTP/1.1
User-Agent: selenium/4.8.0 (java windows)
Content-Length: 68
Content-Type: application/json; charset=utf-8
host: localhost:17388
accept: */*

Response DefaultHttpResponse(decodeResult: success, version: HTTP/1.1)
HTTP/1.1 404 Not Found
Content-Length: 1064
Content-Type: application/json; charset=utf-8
cache-control: no-cache

2025-01-23 10:35:25 DEBUG o.a.netty.channel.ChannelManager - Adding key: http://localhost:17388 for channel [id: 0x551dbce6, L:/127.0.0.1:49798 - R:localhost/127.0.0.1:17388]
2025-01-23 10:35:25 DEBUG o.a.netty.handler.WebSocketHandler - Channel Closed: [id: 0x35c62abe, L:/127.0.0.1:49807 ! R:localhost/127.0.0.1:49800] with attribute DISCARD
2025-01-23 10:35:25 DEBUG o.a.netty.request.NettyRequestSender - Using pooled Channel '[id: 0x551dbce6, L:/127.0.0.1:49798 - R:localhost/127.0.0.1:17388]' for 'DELETE' to 'http://localhost:17388/session/719de26ad7b79358e44cb2d78fdba3eb'
2025-01-23 10:35:25 DEBUG o.a.netty.request.NettyRequestSender - Using open Channel [id: 0x551dbce6, L:/127.0.0.1:49798 - R:localhost/127.0.0.1:17388] for DELETE '/session/719de26ad7b79358e44cb2d78fdba3eb'
2025-01-23 10:35:25 DEBUG o.a.netty.handler.HttpHandler - Unexpected I/O exception on channel [id: 0xc8ac2bf1, L:/127.0.0.1:49806 - R:localhost/127.0.0.1:49800]
java.io.IOException: An existing connection was forcibly closed by the remote host
	at java.base/sun.nio.ch.SocketDispatcher.read0(Native Method)
	at java.base/sun.nio.ch.SocketDispatcher.read(SocketDispatcher.java:43)
	at java.base/sun.nio.ch.IOUtil.readIntoNativeBuffer(IOUtil.java:276)
	at java.base/sun.nio.ch.IOUtil.read(IOUtil.java:233)
	at java.base/sun.nio.ch.IOUtil.read(IOUtil.java:223)
	at java.base/sun.nio.ch.SocketChannelImpl.read(SocketChannelImpl.java:358)
	at io.netty.buffer.PooledByteBuf.setBytes(PooledByteBuf.java:259)
	at io.netty.buffer.AbstractByteBuf.writeBytes(AbstractByteBuf.java:1132)
	at io.netty.channel.socket.nio.NioSocketChannel.doReadBytes(NioSocketChannel.java:357)
	at io.netty.channel.nio.AbstractNioByteChannel$NioByteUnsafe.read(AbstractNioByteChannel.java:151)
	at io.netty.channel.nio.NioEventLoop.processSelectedKey(NioEventLoop.java:788)
	at io.netty.channel.nio.NioEventLoop.processSelectedKeysOptimized(NioEventLoop.java:724)
	at io.netty.channel.nio.NioEventLoop.processSelectedKeys(NioEventLoop.java:650)
	at io.netty.channel.nio.NioEventLoop.run(NioEventLoop.java:562)
	at io.netty.util.concurrent.SingleThreadEventExecutor$4.run(SingleThreadEventExecutor.java:997)
	at io.netty.util.internal.ThreadExecutorMap$2.run(ThreadExecutorMap.java:74)
	at io.netty.util.concurrent.FastThreadLocalRunnable.run(FastThreadLocalRunnable.java:30)
	at java.base/java.lang.Thread.run(Thread.java:834)
2025-01-23 10:35:25 DEBUG o.a.netty.channel.ChannelManager - Closing Channel [id: 0xc8ac2bf1, L:/127.0.0.1:49806 - R:localhost/127.0.0.1:49800] 
2025-01-23 10:35:25 DEBUG o.a.netty.handler.HttpHandler - Channel Closed: [id: 0xc8ac2bf1, L:/127.0.0.1:49806 ! R:localhost/127.0.0.1:49800] with attribute DISCARD
2025-01-23 10:35:25 DEBUG o.a.netty.handler.HttpHandler - 

Request DefaultFullHttpRequest(decodeResult: success, version: HTTP/1.1, content: EmptyByteBufBE)
DELETE /session/719de26ad7b79358e44cb2d78fdba3eb HTTP/1.1
User-Agent: selenium/4.8.0 (java windows)
Content-Type: application/json; charset=utf-8
host: localhost:17388
accept: */*

Response DefaultHttpResponse(decodeResult: success, version: HTTP/1.1)
HTTP/1.1 200 OK
Content-Length: 14
Content-Type: application/json; charset=utf-8
cache-control: no-cache

2025-01-23 10:35:25 DEBUG o.a.netty.channel.ChannelManager - Adding key: http://localhost:17388 for channel [id: 0x551dbce6, L:/127.0.0.1:49798 - R:localhost/127.0.0.1:17388]
2025-01-23 10:35:25 DEBUG o.a.netty.handler.HttpHandler - Channel Closed: [id: 0x551dbce6, L:/127.0.0.1:49798 ! R:localhost/127.0.0.1:17388] with attribute DISCARD
]]></system-out>
    <system-err><![CDATA[Starting ChromeDriver 132.0.6834.83 (03d59cf5ecf1d8444838ff9a1e96231304d4ff9c-refs/branch-heads/6834@{#3390}) on port 25338
Only local connections are allowed.
Please see https://chromedriver.chromium.org/security-considerations for suggestions on keeping ChromeDriver safe.
ChromeDriver was started successfully on port 25338.
Jan 23, 2025 10:35:22 AM org.openqa.selenium.devtools.CdpVersionFinder findNearestMatch
WARNING: Unable to find CDP implementation matching 132
Jan 23, 2025 10:35:22 AM org.openqa.selenium.chromium.ChromiumDriver lambda$new$3
WARNING: Unable to find version of CDP to use for . You may need to include a dependency on a specific version of the CDP using something similar to `org.seleniumhq.selenium:selenium-devtools-v86:4.8.0` where the version ("v86") matches the version of the chromium-based browser you're using and the version number of the artifact is the same as Selenium's.
Starting ChromeDriver 132.0.6834.83 (03d59cf5ecf1d8444838ff9a1e96231304d4ff9c-refs/branch-heads/6834@{#3390}) on port 17388
Only local connections are allowed.
Please see https://chromedriver.chromium.org/security-considerations for suggestions on keeping ChromeDriver safe.
ChromeDriver was started successfully on port 17388.
Jan 23, 2025 10:35:23 AM org.openqa.selenium.devtools.CdpVersionFinder findNearestMatch
WARNING: Unable to find CDP implementation matching 132
Jan 23, 2025 10:35:23 AM org.openqa.selenium.chromium.ChromiumDriver lambda$new$3
WARNING: Unable to find version of CDP to use for . You may need to include a dependency on a specific version of the CDP using something similar to `org.seleniumhq.selenium:selenium-devtools-v86:4.8.0` where the version ("v86") matches the version of the chromium-based browser you're using and the version number of the artifact is the same as Selenium's.
]]></system-err>
  </testcase>
</testsuite>